{"C:\\Users\\desmond\\Favorites\\ADCBanka\\api\\index.js":{"path":"C:\\Users\\desmond\\Favorites\\ADCBanka\\api\\index.js","statementMap":{"0":{"start":{"line":3,"column":0},"end":{"line":5,"column":3}},"1":{"start":{"line":6,"column":0},"end":{"line":6,"column":25}},"2":{"start":{"line":8,"column":0},"end":{"line":8,"column":27}},"3":{"start":{"line":10,"column":0},"end":{"line":10,"column":25}},"4":{"start":{"line":12,"column":15},"end":{"line":12,"column":57}},"5":{"start":{"line":14,"column":18},"end":{"line":14,"column":64}},"6":{"start":{"line":16,"column":14},"end":{"line":16,"column":57}},"7":{"start":{"line":18,"column":12},"end":{"line":18,"column":51}},"8":{"start":{"line":20,"column":14},"end":{"line":20,"column":55}},"9":{"start":{"line":22,"column":24},"end":{"line":22,"column":76}},"10":{"start":{"line":24,"column":23},"end":{"line":24,"column":99}},"11":{"start":{"line":26,"column":23},"end":{"line":26,"column":99}},"12":{"start":{"line":28,"column":24},"end":{"line":28,"column":77}},"13":{"start":{"line":30,"column":20},"end":{"line":30,"column":68}},"14":{"start":{"line":32,"column":14},"end":{"line":32,"column":31}},"15":{"start":{"line":34,"column":39},"end":{"line":34,"column":93}},"16":{"start":{"line":37,"column":10},"end":{"line":37,"column":33}},"17":{"start":{"line":38,"column":11},"end":{"line":38,"column":35}},"18":{"start":{"line":39,"column":0},"end":{"line":39,"column":37}},"19":{"start":{"line":40,"column":0},"end":{"line":40,"column":36}},"20":{"start":{"line":41,"column":0},"end":{"line":43,"column":4}},"21":{"start":{"line":44,"column":0},"end":{"line":47,"column":4}},"22":{"start":{"line":48,"column":0},"end":{"line":48,"column":103}},"23":{"start":{"line":49,"column":0},"end":{"line":49,"column":30}},"24":{"start":{"line":50,"column":0},"end":{"line":52,"column":3}},"25":{"start":{"line":51,"column":2},"end":{"line":51,"column":33}},"26":{"start":{"line":54,"column":15},"end":{"line":56,"column":2}},"27":{"start":{"line":55,"column":2},"end":{"line":55,"column":57}},"28":{"start":{"line":58,"column":0},"end":{"line":58,"column":27}}},"fnMap":{"0":{"name":"_interopRequireDefault","decl":{"start":{"line":34,"column":9},"end":{"line":34,"column":31}},"loc":{"start":{"line":34,"column":37},"end":{"line":34,"column":95}},"line":34},"1":{"name":"(anonymous_1)","decl":{"start":{"line":50,"column":13},"end":{"line":50,"column":14}},"loc":{"start":{"line":50,"column":33},"end":{"line":52,"column":1}},"line":50},"2":{"name":"(anonymous_2)","decl":{"start":{"line":54,"column":32},"end":{"line":54,"column":33}},"loc":{"start":{"line":54,"column":44},"end":{"line":56,"column":1}},"line":54}},"branchMap":{"0":{"loc":{"start":{"line":34,"column":46},"end":{"line":34,"column":92}},"type":"cond-expr","locations":[{"start":{"line":34,"column":70},"end":{"line":34,"column":73}},{"start":{"line":34,"column":76},"end":{"line":34,"column":92}}],"line":34},"1":{"loc":{"start":{"line":34,"column":46},"end":{"line":34,"column":67}},"type":"binary-expr","locations":[{"start":{"line":34,"column":46},"end":{"line":34,"column":49}},{"start":{"line":34,"column":53},"end":{"line":34,"column":67}}],"line":34},"2":{"loc":{"start":{"line":38,"column":11},"end":{"line":38,"column":35}},"type":"binary-expr","locations":[{"start":{"line":38,"column":11},"end":{"line":38,"column":27}},{"start":{"line":38,"column":31},"end":{"line":38,"column":35}}],"line":38}},"s":{"0":1,"1":1,"2":1,"3":1,"4":1,"5":1,"6":1,"7":1,"8":1,"9":1,"10":1,"11":1,"12":1,"13":1,"14":1,"15":10,"16":1,"17":1,"18":1,"19":1,"20":1,"21":1,"22":1,"23":1,"24":1,"25":0,"26":1,"27":1,"28":1},"f":{"0":10,"1":0,"2":1},"b":{"0":[3,7],"1":[10,10],"2":[1,1]},"_coverageSchema":"43e27e138ebf9cfc5966b082cf9a028302ed4184","hash":"f9e99f0a81ba3f3a614f6163a106ea81ecbfd09e","contentHash":"bc048d558ad4d9157aecb603912ed507cf7abb78328485d9914e804dc2251b0f"},"C:\\Users\\desmond\\Favorites\\ADCBanka\\api\\routes\\index.js":{"path":"C:\\Users\\desmond\\Favorites\\ADCBanka\\api\\routes\\index.js","statementMap":{"0":{"start":{"line":3,"column":0},"end":{"line":5,"column":3}},"1":{"start":{"line":6,"column":0},"end":{"line":6,"column":25}},"2":{"start":{"line":8,"column":15},"end":{"line":8,"column":57}},"3":{"start":{"line":10,"column":11},"end":{"line":10,"column":51}},"4":{"start":{"line":12,"column":39},"end":{"line":12,"column":93}},"5":{"start":{"line":14,"column":13},"end":{"line":14,"column":38}},"6":{"start":{"line":16,"column":0},"end":{"line":18,"column":3}},"7":{"start":{"line":17,"column":2},"end":{"line":17,"column":51}},"8":{"start":{"line":19,"column":0},"end":{"line":19,"column":33}},"9":{"start":{"line":20,"column":0},"end":{"line":30,"column":3}},"10":{"start":{"line":21,"column":21},"end":{"line":28,"column":3}},"11":{"start":{"line":29,"column":2},"end":{"line":29,"column":37}},"12":{"start":{"line":31,"column":15},"end":{"line":31,"column":21}},"13":{"start":{"line":32,"column":0},"end":{"line":32,"column":27}}},"fnMap":{"0":{"name":"_interopRequireDefault","decl":{"start":{"line":12,"column":9},"end":{"line":12,"column":31}},"loc":{"start":{"line":12,"column":37},"end":{"line":12,"column":95}},"line":12},"1":{"name":"(anonymous_1)","decl":{"start":{"line":16,"column":16},"end":{"line":16,"column":17}},"loc":{"start":{"line":16,"column":36},"end":{"line":18,"column":1}},"line":16},"2":{"name":"(anonymous_2)","decl":{"start":{"line":20,"column":16},"end":{"line":20,"column":17}},"loc":{"start":{"line":20,"column":36},"end":{"line":30,"column":1}},"line":20}},"branchMap":{"0":{"loc":{"start":{"line":12,"column":46},"end":{"line":12,"column":92}},"type":"cond-expr","locations":[{"start":{"line":12,"column":70},"end":{"line":12,"column":73}},{"start":{"line":12,"column":76},"end":{"line":12,"column":92}}],"line":12},"1":{"loc":{"start":{"line":12,"column":46},"end":{"line":12,"column":67}},"type":"binary-expr","locations":[{"start":{"line":12,"column":46},"end":{"line":12,"column":49}},{"start":{"line":12,"column":53},"end":{"line":12,"column":67}}],"line":12}},"s":{"0":1,"1":1,"2":1,"3":1,"4":2,"5":1,"6":1,"7":0,"8":1,"9":1,"10":0,"11":0,"12":1,"13":1},"f":{"0":2,"1":0,"2":0},"b":{"0":[1,1],"1":[2,2]},"_coverageSchema":"43e27e138ebf9cfc5966b082cf9a028302ed4184","hash":"6029a79d5fcee998b8a78f5f5b5f5d06d75bef16","contentHash":"40d19c2d8399e1ce6d4a1e7174e0edfbcde6a0e01a90654ecf08637c11882315"},"C:\\Users\\desmond\\Favorites\\ADCBanka\\api\\routes\\api\\index.js":{"path":"C:\\Users\\desmond\\Favorites\\ADCBanka\\api\\routes\\api\\index.js","statementMap":{"0":{"start":{"line":3,"column":0},"end":{"line":5,"column":3}},"1":{"start":{"line":6,"column":0},"end":{"line":6,"column":25}},"2":{"start":{"line":8,"column":15},"end":{"line":8,"column":57}},"3":{"start":{"line":10,"column":9},"end":{"line":10,"column":48}},"4":{"start":{"line":12,"column":39},"end":{"line":12,"column":93}},"5":{"start":{"line":14,"column":13},"end":{"line":14,"column":38}},"6":{"start":{"line":16,"column":0},"end":{"line":18,"column":3}},"7":{"start":{"line":17,"column":2},"end":{"line":17,"column":32}},"8":{"start":{"line":19,"column":0},"end":{"line":19,"column":30}},"9":{"start":{"line":20,"column":15},"end":{"line":20,"column":21}},"10":{"start":{"line":21,"column":0},"end":{"line":21,"column":27}}},"fnMap":{"0":{"name":"_interopRequireDefault","decl":{"start":{"line":12,"column":9},"end":{"line":12,"column":31}},"loc":{"start":{"line":12,"column":37},"end":{"line":12,"column":95}},"line":12},"1":{"name":"(anonymous_1)","decl":{"start":{"line":16,"column":16},"end":{"line":16,"column":17}},"loc":{"start":{"line":16,"column":36},"end":{"line":18,"column":1}},"line":16}},"branchMap":{"0":{"loc":{"start":{"line":12,"column":46},"end":{"line":12,"column":92}},"type":"cond-expr","locations":[{"start":{"line":12,"column":70},"end":{"line":12,"column":73}},{"start":{"line":12,"column":76},"end":{"line":12,"column":92}}],"line":12},"1":{"loc":{"start":{"line":12,"column":46},"end":{"line":12,"column":67}},"type":"binary-expr","locations":[{"start":{"line":12,"column":46},"end":{"line":12,"column":49}},{"start":{"line":12,"column":53},"end":{"line":12,"column":67}}],"line":12}},"s":{"0":1,"1":1,"2":1,"3":1,"4":2,"5":1,"6":1,"7":0,"8":1,"9":1,"10":1},"f":{"0":2,"1":0},"b":{"0":[1,1],"1":[2,2]},"_coverageSchema":"43e27e138ebf9cfc5966b082cf9a028302ed4184","hash":"45709ad6f4924a657220213cd7ffcc03fd60f966","contentHash":"0e9696abd1168875cc034ea4c5e2d5d1bf17e84c4b537f432e4953478d58fcdf"},"C:\\Users\\desmond\\Favorites\\ADCBanka\\api\\routes\\api\\v1\\index.js":{"path":"C:\\Users\\desmond\\Favorites\\ADCBanka\\api\\routes\\api\\v1\\index.js","statementMap":{"0":{"start":{"line":3,"column":0},"end":{"line":5,"column":3}},"1":{"start":{"line":6,"column":0},"end":{"line":6,"column":25}},"2":{"start":{"line":8,"column":15},"end":{"line":8,"column":57}},"3":{"start":{"line":10,"column":12},"end":{"line":10,"column":59}},"4":{"start":{"line":12,"column":20},"end":{"line":12,"column":68}},"5":{"start":{"line":14,"column":39},"end":{"line":14,"column":93}},"6":{"start":{"line":16,"column":13},"end":{"line":16,"column":38}},"7":{"start":{"line":19,"column":24},"end":{"line":28,"column":1}},"8":{"start":{"line":30,"column":14},"end":{"line":35,"column":1}},"9":{"start":{"line":37,"column":18},"end":{"line":37,"column":53}},"10":{"start":{"line":39,"column":0},"end":{"line":42,"column":3}},"11":{"start":{"line":40,"column":2},"end":{"line":40,"column":49}},"12":{"start":{"line":41,"column":2},"end":{"line":41,"column":24}},"13":{"start":{"line":43,"column":0},"end":{"line":43,"column":35}},"14":{"start":{"line":44,"column":0},"end":{"line":46,"column":3}},"15":{"start":{"line":45,"column":2},"end":{"line":45,"column":47}},"16":{"start":{"line":47,"column":15},"end":{"line":47,"column":21}},"17":{"start":{"line":48,"column":0},"end":{"line":48,"column":27}}},"fnMap":{"0":{"name":"_interopRequireDefault","decl":{"start":{"line":14,"column":9},"end":{"line":14,"column":31}},"loc":{"start":{"line":14,"column":37},"end":{"line":14,"column":95}},"line":14},"1":{"name":"(anonymous_1)","decl":{"start":{"line":39,"column":28},"end":{"line":39,"column":29}},"loc":{"start":{"line":39,"column":48},"end":{"line":42,"column":1}},"line":39},"2":{"name":"(anonymous_2)","decl":{"start":{"line":44,"column":16},"end":{"line":44,"column":17}},"loc":{"start":{"line":44,"column":36},"end":{"line":46,"column":1}},"line":44}},"branchMap":{"0":{"loc":{"start":{"line":14,"column":46},"end":{"line":14,"column":92}},"type":"cond-expr","locations":[{"start":{"line":14,"column":70},"end":{"line":14,"column":73}},{"start":{"line":14,"column":76},"end":{"line":14,"column":92}}],"line":14},"1":{"loc":{"start":{"line":14,"column":46},"end":{"line":14,"column":67}},"type":"binary-expr","locations":[{"start":{"line":14,"column":46},"end":{"line":14,"column":49}},{"start":{"line":14,"column":53},"end":{"line":14,"column":67}}],"line":14}},"s":{"0":1,"1":1,"2":1,"3":1,"4":1,"5":3,"6":1,"7":1,"8":1,"9":1,"10":1,"11":0,"12":0,"13":1,"14":1,"15":0,"16":1,"17":1},"f":{"0":3,"1":0,"2":0},"b":{"0":[1,2],"1":[3,3]},"_coverageSchema":"43e27e138ebf9cfc5966b082cf9a028302ed4184","hash":"c5a97dafd2fffe10d4401a3bc1395aa2f33f34b8","contentHash":"a7819f89daf57b3fcd349e64b2c18ad72b6f78bb86c8cd71b8ed280cca0dc12c"},"C:\\Users\\desmond\\Favorites\\ADCBanka\\api\\routes\\api\\v1\\user.route.js":{"path":"C:\\Users\\desmond\\Favorites\\ADCBanka\\api\\routes\\api\\v1\\user.route.js","statementMap":{"0":{"start":{"line":3,"column":0},"end":{"line":5,"column":3}},"1":{"start":{"line":6,"column":0},"end":{"line":6,"column":25}},"2":{"start":{"line":8,"column":15},"end":{"line":8,"column":57}},"3":{"start":{"line":10,"column":12},"end":{"line":10,"column":83}},"4":{"start":{"line":12,"column":13},"end":{"line":12,"column":93}},"5":{"start":{"line":14,"column":13},"end":{"line":14,"column":84}},"6":{"start":{"line":16,"column":12},"end":{"line":16,"column":72}},"7":{"start":{"line":18,"column":13},"end":{"line":18,"column":96}},"8":{"start":{"line":20,"column":14},"end":{"line":20,"column":55}},"9":{"start":{"line":22,"column":39},"end":{"line":22,"column":93}},"10":{"start":{"line":24,"column":21},"end":{"line":24,"column":78}},"11":{"start":{"line":26,"column":13},"end":{"line":26,"column":38}},"12":{"start":{"line":28,"column":0},"end":{"line":28,"column":78}},"13":{"start":{"line":29,"column":0},"end":{"line":29,"column":55}},"14":{"start":{"line":30,"column":0},"end":{"line":30,"column":101}},"15":{"start":{"line":31,"column":0},"end":{"line":31,"column":86}},"16":{"start":{"line":32,"column":0},"end":{"line":32,"column":83}},"17":{"start":{"line":33,"column":0},"end":{"line":33,"column":88}},"18":{"start":{"line":34,"column":0},"end":{"line":34,"column":97}},"19":{"start":{"line":35,"column":0},"end":{"line":35,"column":106}},"20":{"start":{"line":36,"column":0},"end":{"line":36,"column":108}},"21":{"start":{"line":37,"column":0},"end":{"line":37,"column":90}},"22":{"start":{"line":38,"column":0},"end":{"line":38,"column":99}},"23":{"start":{"line":39,"column":15},"end":{"line":39,"column":21}},"24":{"start":{"line":40,"column":0},"end":{"line":40,"column":27}}},"fnMap":{"0":{"name":"_interopRequireDefault","decl":{"start":{"line":22,"column":9},"end":{"line":22,"column":31}},"loc":{"start":{"line":22,"column":37},"end":{"line":22,"column":95}},"line":22}},"branchMap":{"0":{"loc":{"start":{"line":22,"column":46},"end":{"line":22,"column":92}},"type":"cond-expr","locations":[{"start":{"line":22,"column":70},"end":{"line":22,"column":73}},{"start":{"line":22,"column":76},"end":{"line":22,"column":92}}],"line":22},"1":{"loc":{"start":{"line":22,"column":46},"end":{"line":22,"column":67}},"type":"binary-expr","locations":[{"start":{"line":22,"column":46},"end":{"line":22,"column":49}},{"start":{"line":22,"column":53},"end":{"line":22,"column":67}}],"line":22},"2":{"loc":{"start":{"line":24,"column":21},"end":{"line":24,"column":78}},"type":"cond-expr","locations":[{"start":{"line":24,"column":48},"end":{"line":24,"column":62}},{"start":{"line":24,"column":65},"end":{"line":24,"column":78}}],"line":24}},"s":{"0":1,"1":1,"2":1,"3":1,"4":1,"5":1,"6":1,"7":1,"8":1,"9":7,"10":1,"11":1,"12":1,"13":1,"14":1,"15":1,"16":1,"17":1,"18":1,"19":1,"20":1,"21":1,"22":1,"23":1,"24":1},"f":{"0":7},"b":{"0":[4,3],"1":[7,7],"2":[0,1]},"_coverageSchema":"43e27e138ebf9cfc5966b082cf9a028302ed4184","hash":"bc8562351e144546082fa76c6fa027fb5ad4d2d6","contentHash":"4acf099a6ddee8ba755d6ed1586ff054fe85af9c85b93bddef42c52ce3bede11"},"C:\\Users\\desmond\\Favorites\\ADCBanka\\api\\controllers\\user.controller.js":{"path":"C:\\Users\\desmond\\Favorites\\ADCBanka\\api\\controllers\\user.controller.js","statementMap":{"0":{"start":{"line":3,"column":0},"end":{"line":5,"column":3}},"1":{"start":{"line":6,"column":0},"end":{"line":6,"column":25}},"2":{"start":{"line":8,"column":12},"end":{"line":8,"column":71}},"3":{"start":{"line":10,"column":39},"end":{"line":10,"column":93}},"4":{"start":{"line":12,"column":50},"end":{"line":12,"column":151}},"5":{"start":{"line":12,"column":92},"end":{"line":12,"column":149}},"6":{"start":{"line":14,"column":44},"end":{"line":14,"column":315}},"7":{"start":{"line":14,"column":57},"end":{"line":14,"column":58}},"8":{"start":{"line":14,"column":102},"end":{"line":14,"column":110}},"9":{"start":{"line":14,"column":112},"end":{"line":14,"column":167}},"10":{"start":{"line":14,"column":168},"end":{"line":14,"column":199}},"11":{"start":{"line":14,"column":200},"end":{"line":14,"column":254}},"12":{"start":{"line":14,"column":227},"end":{"line":14,"column":254}},"13":{"start":{"line":14,"column":255},"end":{"line":14,"column":313}},"14":{"start":{"line":16,"column":62},"end":{"line":16,"column":131}},"15":{"start":{"line":16,"column":78},"end":{"line":16,"column":131}},"16":{"start":{"line":16,"column":132},"end":{"line":16,"column":193}},"17":{"start":{"line":16,"column":149},"end":{"line":16,"column":193}},"18":{"start":{"line":16,"column":194},"end":{"line":16,"column":213}},"19":{"start":{"line":20,"column":0},"end":{"line":240,"column":3}},"20":{"start":{"line":22,"column":4},"end":{"line":22,"column":42}},"21":{"start":{"line":25,"column":2},"end":{"line":237,"column":6}},"22":{"start":{"line":28,"column":15},"end":{"line":28,"column":32}},"23":{"start":{"line":30,"column":17},"end":{"line":30,"column":48}},"24":{"start":{"line":32,"column":6},"end":{"line":37,"column":7}},"25":{"start":{"line":33,"column":8},"end":{"line":36,"column":11}},"26":{"start":{"line":39,"column":6},"end":{"line":42,"column":9}},"27":{"start":{"line":47,"column":18},"end":{"line":47,"column":45}},"28":{"start":{"line":49,"column":6},"end":{"line":52,"column":9}},"29":{"start":{"line":57,"column":17},"end":{"line":57,"column":51}},"30":{"start":{"line":59,"column":6},"end":{"line":69,"column":7}},"31":{"start":{"line":60,"column":8},"end":{"line":63,"column":11}},"32":{"start":{"line":65,"column":8},"end":{"line":68,"column":11}},"33":{"start":{"line":81,"column":26},"end":{"line":81,"column":50}},"34":{"start":{"line":82,"column":19},"end":{"line":82,"column":34}},"35":{"start":{"line":84,"column":20},"end":{"line":84,"column":72}},"36":{"start":{"line":86,"column":6},"end":{"line":96,"column":7}},"37":{"start":{"line":87,"column":8},"end":{"line":90,"column":11}},"38":{"start":{"line":92,"column":8},"end":{"line":95,"column":11}},"39":{"start":{"line":101,"column":18},"end":{"line":101,"column":32}},"40":{"start":{"line":103,"column":17},"end":{"line":103,"column":48}},"41":{"start":{"line":105,"column":6},"end":{"line":115,"column":7}},"42":{"start":{"line":106,"column":8},"end":{"line":109,"column":11}},"43":{"start":{"line":111,"column":8},"end":{"line":114,"column":11}},"44":{"start":{"line":120,"column":26},"end":{"line":120,"column":50}},"45":{"start":{"line":122,"column":27},"end":{"line":122,"column":69}},"46":{"start":{"line":124,"column":6},"end":{"line":127,"column":9}},"47":{"start":{"line":132,"column":26},"end":{"line":132,"column":50}},"48":{"start":{"line":133,"column":25},"end":{"line":133,"column":40}},"49":{"start":{"line":135,"column":25},"end":{"line":135,"column":67}},"50":{"start":{"line":137,"column":6},"end":{"line":154,"column":7}},"51":{"start":{"line":138,"column":8},"end":{"line":141,"column":11}},"52":{"start":{"line":143,"column":29},"end":{"line":143,"column":49}},"53":{"start":{"line":145,"column":8},"end":{"line":153,"column":9}},"54":{"start":{"line":146,"column":27},"end":{"line":146,"column":56}},"55":{"start":{"line":148,"column":10},"end":{"line":148,"column":47}},"56":{"start":{"line":149,"column":10},"end":{"line":152,"column":13}},"57":{"start":{"line":159,"column":26},"end":{"line":159,"column":50}},"58":{"start":{"line":160,"column":24},"end":{"line":160,"column":39}},"59":{"start":{"line":162,"column":25},"end":{"line":162,"column":66}},"60":{"start":{"line":164,"column":6},"end":{"line":186,"column":7}},"61":{"start":{"line":165,"column":8},"end":{"line":168,"column":11}},"62":{"start":{"line":170,"column":29},"end":{"line":170,"column":49}},"63":{"start":{"line":172,"column":8},"end":{"line":185,"column":9}},"64":{"start":{"line":173,"column":10},"end":{"line":176,"column":13}},"65":{"start":{"line":178,"column":27},"end":{"line":178,"column":55}},"66":{"start":{"line":180,"column":10},"end":{"line":180,"column":47}},"67":{"start":{"line":181,"column":10},"end":{"line":184,"column":13}},"68":{"start":{"line":191,"column":15},"end":{"line":191,"column":28}},"69":{"start":{"line":193,"column":28},"end":{"line":193,"column":67}},"70":{"start":{"line":195,"column":6},"end":{"line":204,"column":7}},"71":{"start":{"line":196,"column":8},"end":{"line":199,"column":11}},"72":{"start":{"line":201,"column":8},"end":{"line":203,"column":11}},"73":{"start":{"line":209,"column":15},"end":{"line":209,"column":28}},"74":{"start":{"line":211,"column":25},"end":{"line":211,"column":59}},"75":{"start":{"line":214,"column":6},"end":{"line":223,"column":7}},"76":{"start":{"line":215,"column":8},"end":{"line":218,"column":11}},"77":{"start":{"line":220,"column":8},"end":{"line":222,"column":11}},"78":{"start":{"line":228,"column":23},"end":{"line":228,"column":31}},"79":{"start":{"line":230,"column":27},"end":{"line":230,"column":66}},"80":{"start":{"line":232,"column":6},"end":{"line":235,"column":9}},"81":{"start":{"line":239,"column":2},"end":{"line":239,"column":24}},"82":{"start":{"line":242,"column":15},"end":{"line":242,"column":29}},"83":{"start":{"line":243,"column":0},"end":{"line":243,"column":27}}},"fnMap":{"0":{"name":"_interopRequireDefault","decl":{"start":{"line":10,"column":9},"end":{"line":10,"column":31}},"loc":{"start":{"line":10,"column":37},"end":{"line":10,"column":95}},"line":10},"1":{"name":"_classCallCheck","decl":{"start":{"line":12,"column":9},"end":{"line":12,"column":24}},"loc":{"start":{"line":12,"column":48},"end":{"line":12,"column":153}},"line":12},"2":{"name":"_defineProperties","decl":{"start":{"line":14,"column":9},"end":{"line":14,"column":26}},"loc":{"start":{"line":14,"column":42},"end":{"line":14,"column":317}},"line":14},"3":{"name":"_createClass","decl":{"start":{"line":16,"column":9},"end":{"line":16,"column":21}},"loc":{"start":{"line":16,"column":60},"end":{"line":16,"column":215}},"line":16},"4":{"name":"(anonymous_4)","decl":{"start":{"line":20,"column":0},"end":{"line":20,"column":1}},"loc":{"start":{"line":20,"column":12},"end":{"line":240,"column":1}},"line":20},"5":{"name":"UserController","decl":{"start":{"line":21,"column":11},"end":{"line":21,"column":25}},"loc":{"start":{"line":21,"column":28},"end":{"line":23,"column":3}},"line":21},"6":{"name":"getSingleUser","decl":{"start":{"line":27,"column":20},"end":{"line":27,"column":33}},"loc":{"start":{"line":27,"column":44},"end":{"line":43,"column":5}},"line":27},"7":{"name":"getAllUsers","decl":{"start":{"line":46,"column":20},"end":{"line":46,"column":31}},"loc":{"start":{"line":46,"column":42},"end":{"line":53,"column":5}},"line":46},"8":{"name":"userSignUp","decl":{"start":{"line":56,"column":20},"end":{"line":56,"column":30}},"loc":{"start":{"line":56,"column":41},"end":{"line":70,"column":5}},"line":56},"9":{"name":"activateAccount","decl":{"start":{"line":80,"column":20},"end":{"line":80,"column":35}},"loc":{"start":{"line":80,"column":46},"end":{"line":97,"column":5}},"line":80},"10":{"name":"userSignIn","decl":{"start":{"line":100,"column":20},"end":{"line":100,"column":30}},"loc":{"start":{"line":100,"column":41},"end":{"line":116,"column":5}},"line":100},"11":{"name":"deleteAccount","decl":{"start":{"line":119,"column":20},"end":{"line":119,"column":33}},"loc":{"start":{"line":119,"column":44},"end":{"line":128,"column":5}},"line":119},"12":{"name":"creditAccount","decl":{"start":{"line":131,"column":20},"end":{"line":131,"column":33}},"loc":{"start":{"line":131,"column":44},"end":{"line":155,"column":5}},"line":131},"13":{"name":"debitAccount","decl":{"start":{"line":158,"column":20},"end":{"line":158,"column":32}},"loc":{"start":{"line":158,"column":43},"end":{"line":187,"column":5}},"line":158},"14":{"name":"getTransactionHistory","decl":{"start":{"line":190,"column":20},"end":{"line":190,"column":41}},"loc":{"start":{"line":190,"column":52},"end":{"line":205,"column":5}},"line":190},"15":{"name":"fetchAccountById","decl":{"start":{"line":208,"column":20},"end":{"line":208,"column":36}},"loc":{"start":{"line":208,"column":47},"end":{"line":224,"column":5}},"line":208},"16":{"name":"createAccount","decl":{"start":{"line":227,"column":20},"end":{"line":227,"column":33}},"loc":{"start":{"line":227,"column":44},"end":{"line":236,"column":5}},"line":227}},"branchMap":{"0":{"loc":{"start":{"line":10,"column":46},"end":{"line":10,"column":92}},"type":"cond-expr","locations":[{"start":{"line":10,"column":70},"end":{"line":10,"column":73}},{"start":{"line":10,"column":76},"end":{"line":10,"column":92}}],"line":10},"1":{"loc":{"start":{"line":10,"column":46},"end":{"line":10,"column":67}},"type":"binary-expr","locations":[{"start":{"line":10,"column":46},"end":{"line":10,"column":49}},{"start":{"line":10,"column":53},"end":{"line":10,"column":67}}],"line":10},"2":{"loc":{"start":{"line":12,"column":50},"end":{"line":12,"column":151}},"type":"if","locations":[{"start":{"line":12,"column":50},"end":{"line":12,"column":151}},{"start":{"line":12,"column":50},"end":{"line":12,"column":151}}],"line":12},"3":{"loc":{"start":{"line":14,"column":136},"end":{"line":14,"column":166}},"type":"binary-expr","locations":[{"start":{"line":14,"column":136},"end":{"line":14,"column":157}},{"start":{"line":14,"column":161},"end":{"line":14,"column":166}}],"line":14},"4":{"loc":{"start":{"line":14,"column":200},"end":{"line":14,"column":254}},"type":"if","locations":[{"start":{"line":14,"column":200},"end":{"line":14,"column":254}},{"start":{"line":14,"column":200},"end":{"line":14,"column":254}}],"line":14},"5":{"loc":{"start":{"line":16,"column":62},"end":{"line":16,"column":131}},"type":"if","locations":[{"start":{"line":16,"column":62},"end":{"line":16,"column":131}},{"start":{"line":16,"column":62},"end":{"line":16,"column":131}}],"line":16},"6":{"loc":{"start":{"line":16,"column":132},"end":{"line":16,"column":193}},"type":"if","locations":[{"start":{"line":16,"column":132},"end":{"line":16,"column":193}},{"start":{"line":16,"column":132},"end":{"line":16,"column":193}}],"line":16},"7":{"loc":{"start":{"line":32,"column":6},"end":{"line":37,"column":7}},"type":"if","locations":[{"start":{"line":32,"column":6},"end":{"line":37,"column":7}},{"start":{"line":32,"column":6},"end":{"line":37,"column":7}}],"line":32},"8":{"loc":{"start":{"line":59,"column":6},"end":{"line":69,"column":7}},"type":"if","locations":[{"start":{"line":59,"column":6},"end":{"line":69,"column":7}},{"start":{"line":59,"column":6},"end":{"line":69,"column":7}}],"line":59},"9":{"loc":{"start":{"line":86,"column":6},"end":{"line":96,"column":7}},"type":"if","locations":[{"start":{"line":86,"column":6},"end":{"line":96,"column":7}},{"start":{"line":86,"column":6},"end":{"line":96,"column":7}}],"line":86},"10":{"loc":{"start":{"line":105,"column":6},"end":{"line":115,"column":7}},"type":"if","locations":[{"start":{"line":105,"column":6},"end":{"line":115,"column":7}},{"start":{"line":105,"column":6},"end":{"line":115,"column":7}}],"line":105},"11":{"loc":{"start":{"line":137,"column":6},"end":{"line":154,"column":7}},"type":"if","locations":[{"start":{"line":137,"column":6},"end":{"line":154,"column":7}},{"start":{"line":137,"column":6},"end":{"line":154,"column":7}}],"line":137},"12":{"loc":{"start":{"line":145,"column":8},"end":{"line":153,"column":9}},"type":"if","locations":[{"start":{"line":145,"column":8},"end":{"line":153,"column":9}},{"start":{"line":145,"column":8},"end":{"line":153,"column":9}}],"line":145},"13":{"loc":{"start":{"line":164,"column":6},"end":{"line":186,"column":7}},"type":"if","locations":[{"start":{"line":164,"column":6},"end":{"line":186,"column":7}},{"start":{"line":164,"column":6},"end":{"line":186,"column":7}}],"line":164},"14":{"loc":{"start":{"line":172,"column":8},"end":{"line":185,"column":9}},"type":"if","locations":[{"start":{"line":172,"column":8},"end":{"line":185,"column":9}},{"start":{"line":172,"column":8},"end":{"line":185,"column":9}}],"line":172},"15":{"loc":{"start":{"line":195,"column":6},"end":{"line":204,"column":7}},"type":"if","locations":[{"start":{"line":195,"column":6},"end":{"line":204,"column":7}},{"start":{"line":195,"column":6},"end":{"line":204,"column":7}}],"line":195},"16":{"loc":{"start":{"line":214,"column":6},"end":{"line":223,"column":7}},"type":"if","locations":[{"start":{"line":214,"column":6},"end":{"line":223,"column":7}},{"start":{"line":214,"column":6},"end":{"line":223,"column":7}}],"line":214}},"s":{"0":1,"1":1,"2":1,"3":1,"4":0,"5":0,"6":1,"7":1,"8":11,"9":11,"10":11,"11":11,"12":11,"13":11,"14":1,"15":0,"16":1,"17":1,"18":1,"19":1,"20":0,"21":1,"22":1,"23":1,"24":1,"25":1,"26":0,"27":1,"28":1,"29":2,"30":2,"31":1,"32":1,"33":0,"34":0,"35":0,"36":0,"37":0,"38":0,"39":1,"40":1,"41":1,"42":1,"43":0,"44":0,"45":0,"46":0,"47":0,"48":0,"49":0,"50":0,"51":0,"52":0,"53":0,"54":0,"55":0,"56":0,"57":0,"58":0,"59":0,"60":0,"61":0,"62":0,"63":0,"64":0,"65":0,"66":0,"67":0,"68":0,"69":0,"70":0,"71":0,"72":0,"73":1,"74":1,"75":1,"76":1,"77":0,"78":1,"79":1,"80":1,"81":1,"82":1,"83":1},"f":{"0":1,"1":0,"2":1,"3":1,"4":1,"5":0,"6":1,"7":1,"8":2,"9":0,"10":1,"11":0,"12":0,"13":0,"14":0,"15":1,"16":1},"b":{"0":[1,0],"1":[1,1],"2":[0,0],"3":[11,11],"4":[11,0],"5":[0,1],"6":[1,0],"7":[1,0],"8":[1,1],"9":[0,0],"10":[1,0],"11":[0,0],"12":[0,0],"13":[0,0],"14":[0,0],"15":[0,0],"16":[1,0]},"_coverageSchema":"43e27e138ebf9cfc5966b082cf9a028302ed4184","hash":"4512e3fed31a3fd869ad3e324a3d93e6189614d6","contentHash":"8a5da686e67c2edbd6f4652b2656a306b209564c1b70ce640ceac679f57ca83a"},"C:\\Users\\desmond\\Favorites\\ADCBanka\\api\\services\\user.service.js":{"path":"C:\\Users\\desmond\\Favorites\\ADCBanka\\api\\services\\user.service.js","statementMap":{"0":{"start":{"line":3,"column":0},"end":{"line":5,"column":3}},"1":{"start":{"line":6,"column":0},"end":{"line":6,"column":25}},"2":{"start":{"line":8,"column":17},"end":{"line":8,"column":70}},"3":{"start":{"line":10,"column":15},"end":{"line":10,"column":73}},"4":{"start":{"line":12,"column":12},"end":{"line":12,"column":67}},"5":{"start":{"line":14,"column":20},"end":{"line":14,"column":67}},"6":{"start":{"line":16,"column":14},"end":{"line":16,"column":70}},"7":{"start":{"line":18,"column":12},"end":{"line":18,"column":69}},"8":{"start":{"line":20,"column":16},"end":{"line":20,"column":60}},"9":{"start":{"line":22,"column":14},"end":{"line":22,"column":55}},"10":{"start":{"line":24,"column":39},"end":{"line":24,"column":93}},"11":{"start":{"line":26,"column":33},"end":{"line":26,"column":464}},"12":{"start":{"line":26,"column":46},"end":{"line":26,"column":47}},"13":{"start":{"line":26,"column":91},"end":{"line":26,"column":131}},"14":{"start":{"line":26,"column":147},"end":{"line":26,"column":166}},"15":{"start":{"line":26,"column":168},"end":{"line":26,"column":382}},"16":{"start":{"line":26,"column":226},"end":{"line":26,"column":380}},"17":{"start":{"line":26,"column":312},"end":{"line":26,"column":375}},"18":{"start":{"line":26,"column":383},"end":{"line":26,"column":462}},"19":{"start":{"line":26,"column":416},"end":{"line":26,"column":458}},"20":{"start":{"line":26,"column":465},"end":{"line":26,"column":479}},"21":{"start":{"line":28,"column":44},"end":{"line":28,"column":195}},"22":{"start":{"line":28,"column":62},"end":{"line":28,"column":166}},"23":{"start":{"line":28,"column":176},"end":{"line":28,"column":193}},"24":{"start":{"line":28,"column":196},"end":{"line":28,"column":207}},"25":{"start":{"line":30,"column":54},"end":{"line":30,"column":84}},"26":{"start":{"line":30,"column":74},"end":{"line":30,"column":84}},"27":{"start":{"line":30,"column":98},"end":{"line":30,"column":145}},"28":{"start":{"line":30,"column":159},"end":{"line":30,"column":475}},"29":{"start":{"line":30,"column":218},"end":{"line":30,"column":254}},"30":{"start":{"line":30,"column":256},"end":{"line":30,"column":473}},"31":{"start":{"line":30,"column":304},"end":{"line":30,"column":330}},"32":{"start":{"line":30,"column":331},"end":{"line":30,"column":372}},"33":{"start":{"line":30,"column":363},"end":{"line":30,"column":372}},"34":{"start":{"line":30,"column":373},"end":{"line":30,"column":444}},"35":{"start":{"line":30,"column":435},"end":{"line":30,"column":444}},"36":{"start":{"line":30,"column":445},"end":{"line":30,"column":471}},"37":{"start":{"line":30,"column":476},"end":{"line":30,"column":490}},"38":{"start":{"line":32,"column":59},"end":{"line":32,"column":89}},"39":{"start":{"line":32,"column":79},"end":{"line":32,"column":89}},"40":{"start":{"line":32,"column":103},"end":{"line":32,"column":105}},"41":{"start":{"line":32,"column":124},"end":{"line":32,"column":143}},"42":{"start":{"line":32,"column":157},"end":{"line":32,"column":290}},"43":{"start":{"line":32,"column":199},"end":{"line":32,"column":219}},"44":{"start":{"line":32,"column":220},"end":{"line":32,"column":261}},"45":{"start":{"line":32,"column":252},"end":{"line":32,"column":261}},"46":{"start":{"line":32,"column":262},"end":{"line":32,"column":288}},"47":{"start":{"line":32,"column":291},"end":{"line":32,"column":305}},"48":{"start":{"line":34,"column":50},"end":{"line":34,"column":151}},"49":{"start":{"line":34,"column":92},"end":{"line":34,"column":149}},"50":{"start":{"line":36,"column":44},"end":{"line":36,"column":315}},"51":{"start":{"line":36,"column":57},"end":{"line":36,"column":58}},"52":{"start":{"line":36,"column":102},"end":{"line":36,"column":110}},"53":{"start":{"line":36,"column":112},"end":{"line":36,"column":167}},"54":{"start":{"line":36,"column":168},"end":{"line":36,"column":199}},"55":{"start":{"line":36,"column":200},"end":{"line":36,"column":254}},"56":{"start":{"line":36,"column":227},"end":{"line":36,"column":254}},"57":{"start":{"line":36,"column":255},"end":{"line":36,"column":313}},"58":{"start":{"line":38,"column":62},"end":{"line":38,"column":131}},"59":{"start":{"line":38,"column":78},"end":{"line":38,"column":131}},"60":{"start":{"line":38,"column":132},"end":{"line":38,"column":193}},"61":{"start":{"line":38,"column":149},"end":{"line":38,"column":193}},"62":{"start":{"line":38,"column":194},"end":{"line":38,"column":213}},"63":{"start":{"line":40,"column":16},"end":{"line":40,"column":38}},"64":{"start":{"line":44,"column":0},"end":{"line":258,"column":3}},"65":{"start":{"line":46,"column":4},"end":{"line":46,"column":39}},"66":{"start":{"line":49,"column":2},"end":{"line":255,"column":6}},"67":{"start":{"line":52,"column":17},"end":{"line":54,"column":8}},"68":{"start":{"line":53,"column":8},"end":{"line":53,"column":40}},"69":{"start":{"line":56,"column":6},"end":{"line":56,"column":24}},"70":{"start":{"line":56,"column":17},"end":{"line":56,"column":24}},"71":{"start":{"line":58,"column":21},"end":{"line":58,"column":34}},"72":{"start":{"line":59,"column":20},"end":{"line":59,"column":32}},"73":{"start":{"line":60,"column":28},"end":{"line":60,"column":83}},"74":{"start":{"line":62,"column":6},"end":{"line":62,"column":29}},"75":{"start":{"line":67,"column":6},"end":{"line":73,"column":9}},"76":{"start":{"line":68,"column":23},"end":{"line":68,"column":36}},"77":{"start":{"line":69,"column":22},"end":{"line":69,"column":34}},"78":{"start":{"line":70,"column":30},"end":{"line":70,"column":85}},"79":{"start":{"line":72,"column":8},"end":{"line":72,"column":31}},"80":{"start":{"line":79,"column":25},"end":{"line":81,"column":8}},"81":{"start":{"line":80,"column":8},"end":{"line":80,"column":45}},"82":{"start":{"line":83,"column":6},"end":{"line":106,"column":7}},"83":{"start":{"line":84,"column":8},"end":{"line":84,"column":74}},"84":{"start":{"line":85,"column":25},"end":{"line":85,"column":55}},"85":{"start":{"line":86,"column":21},"end":{"line":86,"column":63}},"86":{"start":{"line":87,"column":20},"end":{"line":87,"column":30}},"87":{"start":{"line":88,"column":8},"end":{"line":88,"column":29}},"88":{"start":{"line":90,"column":19},"end":{"line":90,"column":67}},"89":{"start":{"line":92,"column":22},"end":{"line":92,"column":41}},"90":{"start":{"line":93,"column":8},"end":{"line":93,"column":34}},"91":{"start":{"line":94,"column":8},"end":{"line":94,"column":40}},"92":{"start":{"line":95,"column":8},"end":{"line":95,"column":48}},"93":{"start":{"line":96,"column":8},"end":{"line":96,"column":46}},"94":{"start":{"line":97,"column":8},"end":{"line":97,"column":32}},"95":{"start":{"line":98,"column":8},"end":{"line":98,"column":38}},"96":{"start":{"line":99,"column":8},"end":{"line":99,"column":44}},"97":{"start":{"line":101,"column":8},"end":{"line":101,"column":46}},"98":{"start":{"line":103,"column":8},"end":{"line":103,"column":23}},"99":{"start":{"line":105,"column":8},"end":{"line":105,"column":20}},"100":{"start":{"line":122,"column":25},"end":{"line":124,"column":8}},"101":{"start":{"line":123,"column":8},"end":{"line":123,"column":51}},"102":{"start":{"line":126,"column":6},"end":{"line":132,"column":7}},"103":{"start":{"line":127,"column":8},"end":{"line":127,"column":67}},"104":{"start":{"line":128,"column":22},"end":{"line":128,"column":62}},"105":{"start":{"line":129,"column":8},"end":{"line":129,"column":23}},"106":{"start":{"line":131,"column":8},"end":{"line":131,"column":20}},"107":{"start":{"line":137,"column":17},"end":{"line":139,"column":8}},"108":{"start":{"line":138,"column":8},"end":{"line":138,"column":35}},"109":{"start":{"line":143,"column":6},"end":{"line":165,"column":7}},"110":{"start":{"line":144,"column":22},"end":{"line":151,"column":9}},"111":{"start":{"line":153,"column":20},"end":{"line":155,"column":10}},"112":{"start":{"line":157,"column":23},"end":{"line":157,"column":39}},"113":{"start":{"line":158,"column":28},"end":{"line":158,"column":75}},"114":{"start":{"line":160,"column":8},"end":{"line":162,"column":26}},"115":{"start":{"line":164,"column":8},"end":{"line":164,"column":31}},"116":{"start":{"line":170,"column":28},"end":{"line":172,"column":8}},"117":{"start":{"line":171,"column":8},"end":{"line":171,"column":54}},"118":{"start":{"line":174,"column":6},"end":{"line":182,"column":7}},"119":{"start":{"line":176,"column":26},"end":{"line":178,"column":10}},"120":{"start":{"line":177,"column":10},"end":{"line":177,"column":56}},"121":{"start":{"line":180,"column":8},"end":{"line":180,"column":49}},"122":{"start":{"line":181,"column":8},"end":{"line":181,"column":27}},"123":{"start":{"line":187,"column":20},"end":{"line":189,"column":8}},"124":{"start":{"line":188,"column":8},"end":{"line":188,"column":54}},"125":{"start":{"line":191,"column":6},"end":{"line":191,"column":21}},"126":{"start":{"line":196,"column":20},"end":{"line":198,"column":8}},"127":{"start":{"line":197,"column":8},"end":{"line":197,"column":54}},"128":{"start":{"line":200,"column":6},"end":{"line":200,"column":21}},"129":{"start":{"line":205,"column":20},"end":{"line":207,"column":8}},"130":{"start":{"line":206,"column":8},"end":{"line":206,"column":32}},"131":{"start":{"line":209,"column":26},"end":{"line":209,"column":47}},"132":{"start":{"line":211,"column":27},"end":{"line":213,"column":8}},"133":{"start":{"line":212,"column":8},"end":{"line":212,"column":58}},"134":{"start":{"line":215,"column":6},"end":{"line":219,"column":7}},"135":{"start":{"line":216,"column":8},"end":{"line":216,"column":30}},"136":{"start":{"line":218,"column":8},"end":{"line":218,"column":47}},"137":{"start":{"line":224,"column":20},"end":{"line":226,"column":8}},"138":{"start":{"line":225,"column":8},"end":{"line":225,"column":32}},"139":{"start":{"line":228,"column":6},"end":{"line":232,"column":7}},"140":{"start":{"line":229,"column":8},"end":{"line":229,"column":23}},"141":{"start":{"line":231,"column":8},"end":{"line":231,"column":35}},"142":{"start":{"line":238,"column":26},"end":{"line":238,"column":59}},"143":{"start":{"line":239,"column":19},"end":{"line":239,"column":67}},"144":{"start":{"line":240,"column":18},"end":{"line":240,"column":28}},"145":{"start":{"line":241,"column":6},"end":{"line":241,"column":25}},"146":{"start":{"line":242,"column":23},"end":{"line":242,"column":45}},"147":{"start":{"line":243,"column":6},"end":{"line":243,"column":33}},"148":{"start":{"line":244,"column":6},"end":{"line":244,"column":55}},"149":{"start":{"line":245,"column":6},"end":{"line":245,"column":47}},"150":{"start":{"line":246,"column":6},"end":{"line":246,"column":39}},"151":{"start":{"line":247,"column":6},"end":{"line":247,"column":37}},"152":{"start":{"line":248,"column":6},"end":{"line":248,"column":41}},"153":{"start":{"line":249,"column":6},"end":{"line":249,"column":43}},"154":{"start":{"line":251,"column":6},"end":{"line":251,"column":50}},"155":{"start":{"line":253,"column":6},"end":{"line":253,"column":24}},"156":{"start":{"line":257,"column":2},"end":{"line":257,"column":21}},"157":{"start":{"line":260,"column":15},"end":{"line":260,"column":26}},"158":{"start":{"line":261,"column":0},"end":{"line":261,"column":27}}},"fnMap":{"0":{"name":"_interopRequireDefault","decl":{"start":{"line":24,"column":9},"end":{"line":24,"column":31}},"loc":{"start":{"line":24,"column":37},"end":{"line":24,"column":95}},"line":24},"1":{"name":"_objectSpread","decl":{"start":{"line":26,"column":9},"end":{"line":26,"column":22}},"loc":{"start":{"line":26,"column":31},"end":{"line":26,"column":481}},"line":26},"2":{"name":"(anonymous_2)","decl":{"start":{"line":26,"column":295},"end":{"line":26,"column":296}},"loc":{"start":{"line":26,"column":310},"end":{"line":26,"column":377}},"line":26},"3":{"name":"(anonymous_3)","decl":{"start":{"line":26,"column":399},"end":{"line":26,"column":400}},"loc":{"start":{"line":26,"column":414},"end":{"line":26,"column":460}},"line":26},"4":{"name":"_defineProperty","decl":{"start":{"line":28,"column":9},"end":{"line":28,"column":24}},"loc":{"start":{"line":28,"column":42},"end":{"line":28,"column":209}},"line":28},"5":{"name":"_objectWithoutProperties","decl":{"start":{"line":30,"column":9},"end":{"line":30,"column":33}},"loc":{"start":{"line":30,"column":52},"end":{"line":30,"column":492}},"line":30},"6":{"name":"_objectWithoutPropertiesLoose","decl":{"start":{"line":32,"column":9},"end":{"line":32,"column":38}},"loc":{"start":{"line":32,"column":57},"end":{"line":32,"column":307}},"line":32},"7":{"name":"_classCallCheck","decl":{"start":{"line":34,"column":9},"end":{"line":34,"column":24}},"loc":{"start":{"line":34,"column":48},"end":{"line":34,"column":153}},"line":34},"8":{"name":"_defineProperties","decl":{"start":{"line":36,"column":9},"end":{"line":36,"column":26}},"loc":{"start":{"line":36,"column":42},"end":{"line":36,"column":317}},"line":36},"9":{"name":"_createClass","decl":{"start":{"line":38,"column":9},"end":{"line":38,"column":21}},"loc":{"start":{"line":38,"column":60},"end":{"line":38,"column":215}},"line":38},"10":{"name":"(anonymous_10)","decl":{"start":{"line":44,"column":0},"end":{"line":44,"column":1}},"loc":{"start":{"line":44,"column":12},"end":{"line":258,"column":1}},"line":44},"11":{"name":"UserService","decl":{"start":{"line":45,"column":11},"end":{"line":45,"column":22}},"loc":{"start":{"line":45,"column":25},"end":{"line":47,"column":3}},"line":45},"12":{"name":"getSingleUser","decl":{"start":{"line":51,"column":20},"end":{"line":51,"column":33}},"loc":{"start":{"line":51,"column":38},"end":{"line":63,"column":5}},"line":51},"13":{"name":"(anonymous_13)","decl":{"start":{"line":52,"column":46},"end":{"line":52,"column":47}},"loc":{"start":{"line":52,"column":62},"end":{"line":54,"column":7}},"line":52},"14":{"name":"getAllUsers","decl":{"start":{"line":66,"column":20},"end":{"line":66,"column":31}},"loc":{"start":{"line":66,"column":34},"end":{"line":74,"column":5}},"line":66},"15":{"name":"(anonymous_15)","decl":{"start":{"line":67,"column":41},"end":{"line":67,"column":42}},"loc":{"start":{"line":67,"column":57},"end":{"line":73,"column":7}},"line":67},"16":{"name":"signUpUser","decl":{"start":{"line":77,"column":20},"end":{"line":77,"column":30}},"loc":{"start":{"line":77,"column":42},"end":{"line":107,"column":5}},"line":77},"17":{"name":"(anonymous_17)","decl":{"start":{"line":79,"column":59},"end":{"line":79,"column":60}},"loc":{"start":{"line":79,"column":75},"end":{"line":81,"column":7}},"line":79},"18":{"name":"activateAccount","decl":{"start":{"line":121,"column":20},"end":{"line":121,"column":35}},"loc":{"start":{"line":121,"column":55},"end":{"line":133,"column":5}},"line":121},"19":{"name":"(anonymous_19)","decl":{"start":{"line":122,"column":62},"end":{"line":122,"column":63}},"loc":{"start":{"line":122,"column":81},"end":{"line":124,"column":7}},"line":122},"20":{"name":"userSignIn","decl":{"start":{"line":136,"column":20},"end":{"line":136,"column":30}},"loc":{"start":{"line":136,"column":38},"end":{"line":166,"column":5}},"line":136},"21":{"name":"(anonymous_21)","decl":{"start":{"line":137,"column":46},"end":{"line":137,"column":47}},"loc":{"start":{"line":137,"column":62},"end":{"line":139,"column":7}},"line":137},"22":{"name":"deleteAccount","decl":{"start":{"line":169,"column":20},"end":{"line":169,"column":33}},"loc":{"start":{"line":169,"column":49},"end":{"line":183,"column":5}},"line":169},"23":{"name":"(anonymous_23)","decl":{"start":{"line":170,"column":65},"end":{"line":170,"column":66}},"loc":{"start":{"line":170,"column":84},"end":{"line":172,"column":7}},"line":170},"24":{"name":"(anonymous_24)","decl":{"start":{"line":176,"column":60},"end":{"line":176,"column":61}},"loc":{"start":{"line":176,"column":79},"end":{"line":178,"column":9}},"line":176},"25":{"name":"creditAccount","decl":{"start":{"line":186,"column":20},"end":{"line":186,"column":33}},"loc":{"start":{"line":186,"column":49},"end":{"line":192,"column":5}},"line":186},"26":{"name":"(anonymous_26)","decl":{"start":{"line":187,"column":52},"end":{"line":187,"column":53}},"loc":{"start":{"line":187,"column":71},"end":{"line":189,"column":7}},"line":187},"27":{"name":"debitAccount","decl":{"start":{"line":195,"column":20},"end":{"line":195,"column":32}},"loc":{"start":{"line":195,"column":48},"end":{"line":201,"column":5}},"line":195},"28":{"name":"(anonymous_28)","decl":{"start":{"line":196,"column":52},"end":{"line":196,"column":53}},"loc":{"start":{"line":196,"column":71},"end":{"line":198,"column":7}},"line":196},"29":{"name":"getTransactionHistory","decl":{"start":{"line":204,"column":20},"end":{"line":204,"column":41}},"loc":{"start":{"line":204,"column":46},"end":{"line":220,"column":5}},"line":204},"30":{"name":"(anonymous_30)","decl":{"start":{"line":205,"column":52},"end":{"line":205,"column":53}},"loc":{"start":{"line":205,"column":71},"end":{"line":207,"column":7}},"line":205},"31":{"name":"(anonymous_31)","decl":{"start":{"line":211,"column":65},"end":{"line":211,"column":66}},"loc":{"start":{"line":211,"column":88},"end":{"line":213,"column":7}},"line":211},"32":{"name":"fetchAccountById","decl":{"start":{"line":223,"column":20},"end":{"line":223,"column":36}},"loc":{"start":{"line":223,"column":41},"end":{"line":234,"column":5}},"line":223},"33":{"name":"(anonymous_33)","decl":{"start":{"line":224,"column":52},"end":{"line":224,"column":53}},"loc":{"start":{"line":224,"column":71},"end":{"line":226,"column":7}},"line":224},"34":{"name":"createAccount","decl":{"start":{"line":237,"column":20},"end":{"line":237,"column":33}},"loc":{"start":{"line":237,"column":43},"end":{"line":254,"column":5}},"line":237}},"branchMap":{"0":{"loc":{"start":{"line":24,"column":46},"end":{"line":24,"column":92}},"type":"cond-expr","locations":[{"start":{"line":24,"column":70},"end":{"line":24,"column":73}},{"start":{"line":24,"column":76},"end":{"line":24,"column":92}}],"line":24},"1":{"loc":{"start":{"line":24,"column":46},"end":{"line":24,"column":67}},"type":"binary-expr","locations":[{"start":{"line":24,"column":46},"end":{"line":24,"column":49}},{"start":{"line":24,"column":53},"end":{"line":24,"column":67}}],"line":24},"2":{"loc":{"start":{"line":26,"column":91},"end":{"line":26,"column":131}},"type":"cond-expr","locations":[{"start":{"line":26,"column":114},"end":{"line":26,"column":126}},{"start":{"line":26,"column":129},"end":{"line":26,"column":131}}],"line":26},"3":{"loc":{"start":{"line":26,"column":168},"end":{"line":26,"column":382}},"type":"if","locations":[{"start":{"line":26,"column":168},"end":{"line":26,"column":382}},{"start":{"line":26,"column":168},"end":{"line":26,"column":382}}],"line":26},"4":{"loc":{"start":{"line":28,"column":44},"end":{"line":28,"column":195}},"type":"if","locations":[{"start":{"line":28,"column":44},"end":{"line":28,"column":195}},{"start":{"line":28,"column":44},"end":{"line":28,"column":195}}],"line":28},"5":{"loc":{"start":{"line":30,"column":54},"end":{"line":30,"column":84}},"type":"if","locations":[{"start":{"line":30,"column":54},"end":{"line":30,"column":84}},{"start":{"line":30,"column":54},"end":{"line":30,"column":84}}],"line":30},"6":{"loc":{"start":{"line":30,"column":159},"end":{"line":30,"column":475}},"type":"if","locations":[{"start":{"line":30,"column":159},"end":{"line":30,"column":475}},{"start":{"line":30,"column":159},"end":{"line":30,"column":475}}],"line":30},"7":{"loc":{"start":{"line":30,"column":331},"end":{"line":30,"column":372}},"type":"if","locations":[{"start":{"line":30,"column":331},"end":{"line":30,"column":372}},{"start":{"line":30,"column":331},"end":{"line":30,"column":372}}],"line":30},"8":{"loc":{"start":{"line":30,"column":373},"end":{"line":30,"column":444}},"type":"if","locations":[{"start":{"line":30,"column":373},"end":{"line":30,"column":444}},{"start":{"line":30,"column":373},"end":{"line":30,"column":444}}],"line":30},"9":{"loc":{"start":{"line":32,"column":59},"end":{"line":32,"column":89}},"type":"if","locations":[{"start":{"line":32,"column":59},"end":{"line":32,"column":89}},{"start":{"line":32,"column":59},"end":{"line":32,"column":89}}],"line":32},"10":{"loc":{"start":{"line":32,"column":220},"end":{"line":32,"column":261}},"type":"if","locations":[{"start":{"line":32,"column":220},"end":{"line":32,"column":261}},{"start":{"line":32,"column":220},"end":{"line":32,"column":261}}],"line":32},"11":{"loc":{"start":{"line":34,"column":50},"end":{"line":34,"column":151}},"type":"if","locations":[{"start":{"line":34,"column":50},"end":{"line":34,"column":151}},{"start":{"line":34,"column":50},"end":{"line":34,"column":151}}],"line":34},"12":{"loc":{"start":{"line":36,"column":136},"end":{"line":36,"column":166}},"type":"binary-expr","locations":[{"start":{"line":36,"column":136},"end":{"line":36,"column":157}},{"start":{"line":36,"column":161},"end":{"line":36,"column":166}}],"line":36},"13":{"loc":{"start":{"line":36,"column":200},"end":{"line":36,"column":254}},"type":"if","locations":[{"start":{"line":36,"column":200},"end":{"line":36,"column":254}},{"start":{"line":36,"column":200},"end":{"line":36,"column":254}}],"line":36},"14":{"loc":{"start":{"line":38,"column":62},"end":{"line":38,"column":131}},"type":"if","locations":[{"start":{"line":38,"column":62},"end":{"line":38,"column":131}},{"start":{"line":38,"column":62},"end":{"line":38,"column":131}}],"line":38},"15":{"loc":{"start":{"line":38,"column":132},"end":{"line":38,"column":193}},"type":"if","locations":[{"start":{"line":38,"column":132},"end":{"line":38,"column":193}},{"start":{"line":38,"column":132},"end":{"line":38,"column":193}}],"line":38},"16":{"loc":{"start":{"line":56,"column":6},"end":{"line":56,"column":24}},"type":"if","locations":[{"start":{"line":56,"column":6},"end":{"line":56,"column":24}},{"start":{"line":56,"column":6},"end":{"line":56,"column":24}}],"line":56},"17":{"loc":{"start":{"line":83,"column":6},"end":{"line":106,"column":7}},"type":"if","locations":[{"start":{"line":83,"column":6},"end":{"line":106,"column":7}},{"start":{"line":83,"column":6},"end":{"line":106,"column":7}}],"line":83},"18":{"loc":{"start":{"line":84,"column":28},"end":{"line":84,"column":73}},"type":"cond-expr","locations":[{"start":{"line":84,"column":48},"end":{"line":84,"column":65}},{"start":{"line":84,"column":68},"end":{"line":84,"column":73}}],"line":84},"19":{"loc":{"start":{"line":126,"column":6},"end":{"line":132,"column":7}},"type":"if","locations":[{"start":{"line":126,"column":6},"end":{"line":132,"column":7}},{"start":{"line":126,"column":6},"end":{"line":132,"column":7}}],"line":126},"20":{"loc":{"start":{"line":143,"column":6},"end":{"line":165,"column":7}},"type":"if","locations":[{"start":{"line":143,"column":6},"end":{"line":165,"column":7}},{"start":{"line":143,"column":6},"end":{"line":165,"column":7}}],"line":143},"21":{"loc":{"start":{"line":174,"column":6},"end":{"line":182,"column":7}},"type":"if","locations":[{"start":{"line":174,"column":6},"end":{"line":182,"column":7}},{"start":{"line":174,"column":6},"end":{"line":182,"column":7}}],"line":174},"22":{"loc":{"start":{"line":215,"column":6},"end":{"line":219,"column":7}},"type":"if","locations":[{"start":{"line":215,"column":6},"end":{"line":219,"column":7}},{"start":{"line":215,"column":6},"end":{"line":219,"column":7}}],"line":215},"23":{"loc":{"start":{"line":228,"column":6},"end":{"line":232,"column":7}},"type":"if","locations":[{"start":{"line":228,"column":6},"end":{"line":232,"column":7}},{"start":{"line":228,"column":6},"end":{"line":232,"column":7}}],"line":228}},"s":{"0":1,"1":1,"2":1,"3":1,"4":1,"5":1,"6":1,"7":1,"8":1,"9":1,"10":8,"11":1,"12":1,"13":1,"14":1,"15":1,"16":1,"17":0,"18":1,"19":5,"20":1,"21":5,"22":0,"23":5,"24":5,"25":5,"26":0,"27":5,"28":5,"29":5,"30":5,"31":0,"32":0,"33":0,"34":0,"35":0,"36":0,"37":5,"38":5,"39":0,"40":5,"41":5,"42":5,"43":35,"44":35,"45":9,"46":26,"47":5,"48":0,"49":0,"50":1,"51":1,"52":11,"53":11,"54":11,"55":11,"56":11,"57":11,"58":1,"59":0,"60":1,"61":1,"62":1,"63":1,"64":1,"65":0,"66":1,"67":1,"68":1,"69":1,"70":0,"71":1,"72":1,"73":1,"74":1,"75":1,"76":3,"77":3,"78":3,"79":3,"80":2,"81":5,"82":2,"83":1,"84":1,"85":1,"86":1,"87":1,"88":1,"89":1,"90":1,"91":1,"92":1,"93":1,"94":1,"95":1,"96":1,"97":1,"98":1,"99":1,"100":0,"101":0,"102":0,"103":0,"104":0,"105":0,"106":0,"107":1,"108":1,"109":1,"110":1,"111":1,"112":1,"113":1,"114":1,"115":0,"116":0,"117":0,"118":0,"119":0,"120":0,"121":0,"122":0,"123":0,"124":0,"125":0,"126":0,"127":0,"128":0,"129":0,"130":0,"131":0,"132":0,"133":0,"134":0,"135":0,"136":0,"137":1,"138":3,"139":1,"140":1,"141":0,"142":1,"143":1,"144":1,"145":1,"146":1,"147":1,"148":1,"149":1,"150":1,"151":1,"152":1,"153":1,"154":1,"155":1,"156":1,"157":1,"158":1},"f":{"0":8,"1":1,"2":0,"3":5,"4":5,"5":5,"6":5,"7":0,"8":1,"9":1,"10":1,"11":0,"12":1,"13":1,"14":1,"15":3,"16":2,"17":5,"18":0,"19":0,"20":1,"21":1,"22":0,"23":0,"24":0,"25":0,"26":0,"27":0,"28":0,"29":0,"30":0,"31":0,"32":1,"33":3,"34":1},"b":{"0":[5,3],"1":[8,8],"2":[1,0],"3":[1,0],"4":[0,5],"5":[0,5],"6":[5,0],"7":[0,0],"8":[0,0],"9":[0,5],"10":[9,26],"11":[0,0],"12":[11,11],"13":[11,0],"14":[0,1],"15":[1,0],"16":[0,1],"17":[1,1],"18":[0,1],"19":[0,0],"20":[1,0],"21":[0,0],"22":[0,0],"23":[1,0]},"_coverageSchema":"43e27e138ebf9cfc5966b082cf9a028302ed4184","hash":"0b6754266da13a4753710993f922a942ba9ed287","contentHash":"a5210c81d08f199bee82e80660d40c809aea9fd4d6aa604fda11db3a8b01a9a8"},"C:\\Users\\desmond\\Favorites\\ADCBanka\\api\\utils\\dummyData.js":{"path":"C:\\Users\\desmond\\Favorites\\ADCBanka\\api\\utils\\dummyData.js","statementMap":{"0":{"start":{"line":3,"column":0},"end":{"line":5,"column":3}},"1":{"start":{"line":6,"column":0},"end":{"line":6,"column":25}},"2":{"start":{"line":7,"column":15},"end":{"line":74,"column":1}},"3":{"start":{"line":75,"column":0},"end":{"line":75,"column":27}}},"fnMap":{},"branchMap":{},"s":{"0":1,"1":1,"2":1,"3":1},"f":{},"b":{},"_coverageSchema":"43e27e138ebf9cfc5966b082cf9a028302ed4184","hash":"45825ff8f08b44c5badeda15309d6108f6c8ccaf","contentHash":"ccb2a62fb07d8fe901b5342463ff45f589dcc01e1c96cefb73166ef47b768cda"},"C:\\Users\\desmond\\Favorites\\ADCBanka\\api\\models\\account.model.js":{"path":"C:\\Users\\desmond\\Favorites\\ADCBanka\\api\\models\\account.model.js","statementMap":{"0":{"start":{"line":3,"column":0},"end":{"line":5,"column":3}},"1":{"start":{"line":6,"column":0},"end":{"line":6,"column":25}},"2":{"start":{"line":8,"column":50},"end":{"line":8,"column":151}},"3":{"start":{"line":8,"column":92},"end":{"line":8,"column":149}},"4":{"start":{"line":10,"column":14},"end":{"line":14,"column":1}},"5":{"start":{"line":11,"column":2},"end":{"line":11,"column":33}},"6":{"start":{"line":13,"column":2},"end":{"line":13,"column":145}},"7":{"start":{"line":16,"column":15},"end":{"line":16,"column":22}},"8":{"start":{"line":17,"column":0},"end":{"line":17,"column":27}}},"fnMap":{"0":{"name":"_classCallCheck","decl":{"start":{"line":8,"column":9},"end":{"line":8,"column":24}},"loc":{"start":{"line":8,"column":48},"end":{"line":8,"column":153}},"line":8},"1":{"name":"Account","decl":{"start":{"line":10,"column":23},"end":{"line":10,"column":30}},"loc":{"start":{"line":10,"column":33},"end":{"line":14,"column":1}},"line":10}},"branchMap":{"0":{"loc":{"start":{"line":8,"column":50},"end":{"line":8,"column":151}},"type":"if","locations":[{"start":{"line":8,"column":50},"end":{"line":8,"column":151}},{"start":{"line":8,"column":50},"end":{"line":8,"column":151}}],"line":8}},"s":{"0":1,"1":1,"2":1,"3":0,"4":1,"5":1,"6":1,"7":1,"8":1},"f":{"0":1,"1":1},"b":{"0":[0,1]},"_coverageSchema":"43e27e138ebf9cfc5966b082cf9a028302ed4184","hash":"4a9ef38d232665aecdea76290b5529f20e526bac","contentHash":"91ccfaf8ea24a44e6bc288fe88f4ef859aca878225284c70c798156e57ce73f2"},"C:\\Users\\desmond\\Favorites\\ADCBanka\\api\\models\\user.model.js":{"path":"C:\\Users\\desmond\\Favorites\\ADCBanka\\api\\models\\user.model.js","statementMap":{"0":{"start":{"line":3,"column":0},"end":{"line":5,"column":3}},"1":{"start":{"line":6,"column":0},"end":{"line":6,"column":25}},"2":{"start":{"line":8,"column":50},"end":{"line":8,"column":151}},"3":{"start":{"line":8,"column":92},"end":{"line":8,"column":149}},"4":{"start":{"line":10,"column":11},"end":{"line":14,"column":1}},"5":{"start":{"line":11,"column":2},"end":{"line":11,"column":30}},"6":{"start":{"line":13,"column":2},"end":{"line":13,"column":160}},"7":{"start":{"line":16,"column":15},"end":{"line":16,"column":19}},"8":{"start":{"line":17,"column":0},"end":{"line":17,"column":27}}},"fnMap":{"0":{"name":"_classCallCheck","decl":{"start":{"line":8,"column":9},"end":{"line":8,"column":24}},"loc":{"start":{"line":8,"column":48},"end":{"line":8,"column":153}},"line":8},"1":{"name":"User","decl":{"start":{"line":10,"column":20},"end":{"line":10,"column":24}},"loc":{"start":{"line":10,"column":27},"end":{"line":14,"column":1}},"line":10}},"branchMap":{"0":{"loc":{"start":{"line":8,"column":50},"end":{"line":8,"column":151}},"type":"if","locations":[{"start":{"line":8,"column":50},"end":{"line":8,"column":151}},{"start":{"line":8,"column":50},"end":{"line":8,"column":151}}],"line":8}},"s":{"0":1,"1":1,"2":1,"3":0,"4":1,"5":1,"6":1,"7":1,"8":1},"f":{"0":1,"1":1},"b":{"0":[0,1]},"_coverageSchema":"43e27e138ebf9cfc5966b082cf9a028302ed4184","hash":"f13bbe25cb561af444d7838e222a5513a2ddc96c","contentHash":"59bd8435926b84169fcd49372c425b052816d420525906e2f6518942b5ce26db"},"C:\\Users\\desmond\\Favorites\\ADCBanka\\api\\utils\\create.token.js":{"path":"C:\\Users\\desmond\\Favorites\\ADCBanka\\api\\utils\\create.token.js","statementMap":{"0":{"start":{"line":3,"column":0},"end":{"line":5,"column":3}},"1":{"start":{"line":6,"column":0},"end":{"line":6,"column":25}},"2":{"start":{"line":8,"column":20},"end":{"line":8,"column":67}},"3":{"start":{"line":10,"column":39},"end":{"line":10,"column":93}},"4":{"start":{"line":12,"column":18},"end":{"line":20,"column":1}},"5":{"start":{"line":14,"column":20},"end":{"line":16,"column":6}},"6":{"start":{"line":18,"column":4},"end":{"line":18,"column":21}},"7":{"start":{"line":21,"column":15},"end":{"line":21,"column":26}},"8":{"start":{"line":22,"column":0},"end":{"line":22,"column":27}}},"fnMap":{"0":{"name":"_interopRequireDefault","decl":{"start":{"line":10,"column":9},"end":{"line":10,"column":31}},"loc":{"start":{"line":10,"column":37},"end":{"line":10,"column":95}},"line":10},"1":{"name":"token","decl":{"start":{"line":13,"column":18},"end":{"line":13,"column":23}},"loc":{"start":{"line":13,"column":41},"end":{"line":19,"column":3}},"line":13}},"branchMap":{"0":{"loc":{"start":{"line":10,"column":46},"end":{"line":10,"column":92}},"type":"cond-expr","locations":[{"start":{"line":10,"column":70},"end":{"line":10,"column":73}},{"start":{"line":10,"column":76},"end":{"line":10,"column":92}}],"line":10},"1":{"loc":{"start":{"line":10,"column":46},"end":{"line":10,"column":67}},"type":"binary-expr","locations":[{"start":{"line":10,"column":46},"end":{"line":10,"column":49}},{"start":{"line":10,"column":53},"end":{"line":10,"column":67}}],"line":10}},"s":{"0":1,"1":1,"2":1,"3":1,"4":1,"5":0,"6":0,"7":1,"8":1},"f":{"0":1,"1":0},"b":{"0":[0,1],"1":[1,1]},"_coverageSchema":"43e27e138ebf9cfc5966b082cf9a028302ed4184","hash":"dac995b057da7907cfbb1fd45a7f4d581b0b25cd","contentHash":"57c250bc929281da65c7e6bc0431f7c0dba9342527f3f6fc04f75ae64c4d8d99"},"C:\\Users\\desmond\\Favorites\\ADCBanka\\api\\utils\\hash.password.js":{"path":"C:\\Users\\desmond\\Favorites\\ADCBanka\\api\\utils\\hash.password.js","statementMap":{"0":{"start":{"line":3,"column":0},"end":{"line":5,"column":3}},"1":{"start":{"line":6,"column":0},"end":{"line":6,"column":25}},"2":{"start":{"line":8,"column":14},"end":{"line":8,"column":55}},"3":{"start":{"line":10,"column":39},"end":{"line":10,"column":93}},"4":{"start":{"line":12,"column":32},"end":{"line":12,"column":81}},"5":{"start":{"line":14,"column":15},"end":{"line":14,"column":17}},"6":{"start":{"line":16,"column":19},"end":{"line":21,"column":1}},"7":{"start":{"line":17,"column":13},"end":{"line":17,"column":44}},"8":{"start":{"line":19,"column":2},"end":{"line":19,"column":79}},"9":{"start":{"line":20,"column":2},"end":{"line":20,"column":18}},"10":{"start":{"line":23,"column":15},"end":{"line":23,"column":27}},"11":{"start":{"line":24,"column":0},"end":{"line":24,"column":27}}},"fnMap":{"0":{"name":"_interopRequireDefault","decl":{"start":{"line":10,"column":9},"end":{"line":10,"column":31}},"loc":{"start":{"line":10,"column":37},"end":{"line":10,"column":95}},"line":10},"1":{"name":"_readOnlyError","decl":{"start":{"line":12,"column":9},"end":{"line":12,"column":23}},"loc":{"start":{"line":12,"column":30},"end":{"line":12,"column":83}},"line":12},"2":{"name":"hashPassword","decl":{"start":{"line":16,"column":28},"end":{"line":16,"column":40}},"loc":{"start":{"line":16,"column":46},"end":{"line":21,"column":1}},"line":16}},"branchMap":{"0":{"loc":{"start":{"line":10,"column":46},"end":{"line":10,"column":92}},"type":"cond-expr","locations":[{"start":{"line":10,"column":70},"end":{"line":10,"column":73}},{"start":{"line":10,"column":76},"end":{"line":10,"column":92}}],"line":10},"1":{"loc":{"start":{"line":10,"column":46},"end":{"line":10,"column":67}},"type":"binary-expr","locations":[{"start":{"line":10,"column":46},"end":{"line":10,"column":49}},{"start":{"line":10,"column":53},"end":{"line":10,"column":67}}],"line":10}},"s":{"0":1,"1":1,"2":1,"3":1,"4":0,"5":1,"6":1,"7":0,"8":0,"9":0,"10":1,"11":1},"f":{"0":1,"1":0,"2":0},"b":{"0":[0,1],"1":[1,1]},"_coverageSchema":"43e27e138ebf9cfc5966b082cf9a028302ed4184","hash":"685f1b46bf4ebf9528f7e8b32f86f57d6c5f5928","contentHash":"de196d16cb9a0b65142c49e2cb4ed966a87f8c2e5515cf5f985a05af6101b140"},"C:\\Users\\desmond\\Favorites\\ADCBanka\\api\\database\\controllers\\user.controller.js":{"path":"C:\\Users\\desmond\\Favorites\\ADCBanka\\api\\database\\controllers\\user.controller.js","statementMap":{"0":{"start":{"line":3,"column":0},"end":{"line":5,"column":3}},"1":{"start":{"line":6,"column":0},"end":{"line":6,"column":25}},"2":{"start":{"line":8,"column":12},"end":{"line":8,"column":72}},"3":{"start":{"line":10,"column":39},"end":{"line":10,"column":93}},"4":{"start":{"line":12,"column":50},"end":{"line":12,"column":151}},"5":{"start":{"line":12,"column":92},"end":{"line":12,"column":149}},"6":{"start":{"line":14,"column":44},"end":{"line":14,"column":315}},"7":{"start":{"line":14,"column":57},"end":{"line":14,"column":58}},"8":{"start":{"line":14,"column":102},"end":{"line":14,"column":110}},"9":{"start":{"line":14,"column":112},"end":{"line":14,"column":167}},"10":{"start":{"line":14,"column":168},"end":{"line":14,"column":199}},"11":{"start":{"line":14,"column":200},"end":{"line":14,"column":254}},"12":{"start":{"line":14,"column":227},"end":{"line":14,"column":254}},"13":{"start":{"line":14,"column":255},"end":{"line":14,"column":313}},"14":{"start":{"line":16,"column":62},"end":{"line":16,"column":131}},"15":{"start":{"line":16,"column":78},"end":{"line":16,"column":131}},"16":{"start":{"line":16,"column":132},"end":{"line":16,"column":193}},"17":{"start":{"line":16,"column":149},"end":{"line":16,"column":193}},"18":{"start":{"line":16,"column":194},"end":{"line":16,"column":213}},"19":{"start":{"line":20,"column":0},"end":{"line":240,"column":3}},"20":{"start":{"line":22,"column":4},"end":{"line":22,"column":42}},"21":{"start":{"line":25,"column":2},"end":{"line":237,"column":6}},"22":{"start":{"line":28,"column":15},"end":{"line":28,"column":32}},"23":{"start":{"line":30,"column":17},"end":{"line":30,"column":48}},"24":{"start":{"line":32,"column":6},"end":{"line":37,"column":7}},"25":{"start":{"line":33,"column":8},"end":{"line":36,"column":11}},"26":{"start":{"line":39,"column":6},"end":{"line":42,"column":9}},"27":{"start":{"line":47,"column":18},"end":{"line":47,"column":45}},"28":{"start":{"line":49,"column":6},"end":{"line":52,"column":9}},"29":{"start":{"line":57,"column":17},"end":{"line":57,"column":51}},"30":{"start":{"line":59,"column":6},"end":{"line":69,"column":7}},"31":{"start":{"line":60,"column":8},"end":{"line":63,"column":11}},"32":{"start":{"line":65,"column":8},"end":{"line":68,"column":11}},"33":{"start":{"line":81,"column":26},"end":{"line":81,"column":50}},"34":{"start":{"line":82,"column":19},"end":{"line":82,"column":34}},"35":{"start":{"line":84,"column":20},"end":{"line":84,"column":72}},"36":{"start":{"line":86,"column":6},"end":{"line":96,"column":7}},"37":{"start":{"line":87,"column":8},"end":{"line":90,"column":11}},"38":{"start":{"line":92,"column":8},"end":{"line":95,"column":11}},"39":{"start":{"line":101,"column":18},"end":{"line":101,"column":32}},"40":{"start":{"line":103,"column":17},"end":{"line":103,"column":48}},"41":{"start":{"line":105,"column":6},"end":{"line":115,"column":7}},"42":{"start":{"line":106,"column":8},"end":{"line":109,"column":11}},"43":{"start":{"line":111,"column":8},"end":{"line":114,"column":11}},"44":{"start":{"line":120,"column":26},"end":{"line":120,"column":50}},"45":{"start":{"line":122,"column":27},"end":{"line":122,"column":69}},"46":{"start":{"line":124,"column":6},"end":{"line":127,"column":9}},"47":{"start":{"line":132,"column":26},"end":{"line":132,"column":50}},"48":{"start":{"line":133,"column":25},"end":{"line":133,"column":40}},"49":{"start":{"line":135,"column":25},"end":{"line":135,"column":67}},"50":{"start":{"line":137,"column":6},"end":{"line":154,"column":7}},"51":{"start":{"line":138,"column":8},"end":{"line":141,"column":11}},"52":{"start":{"line":143,"column":29},"end":{"line":143,"column":49}},"53":{"start":{"line":145,"column":8},"end":{"line":153,"column":9}},"54":{"start":{"line":146,"column":27},"end":{"line":146,"column":56}},"55":{"start":{"line":148,"column":10},"end":{"line":148,"column":47}},"56":{"start":{"line":149,"column":10},"end":{"line":152,"column":13}},"57":{"start":{"line":159,"column":26},"end":{"line":159,"column":50}},"58":{"start":{"line":160,"column":24},"end":{"line":160,"column":39}},"59":{"start":{"line":162,"column":25},"end":{"line":162,"column":66}},"60":{"start":{"line":164,"column":6},"end":{"line":186,"column":7}},"61":{"start":{"line":165,"column":8},"end":{"line":168,"column":11}},"62":{"start":{"line":170,"column":29},"end":{"line":170,"column":49}},"63":{"start":{"line":172,"column":8},"end":{"line":185,"column":9}},"64":{"start":{"line":173,"column":10},"end":{"line":176,"column":13}},"65":{"start":{"line":178,"column":27},"end":{"line":178,"column":55}},"66":{"start":{"line":180,"column":10},"end":{"line":180,"column":47}},"67":{"start":{"line":181,"column":10},"end":{"line":184,"column":13}},"68":{"start":{"line":191,"column":15},"end":{"line":191,"column":28}},"69":{"start":{"line":193,"column":28},"end":{"line":193,"column":67}},"70":{"start":{"line":195,"column":6},"end":{"line":204,"column":7}},"71":{"start":{"line":196,"column":8},"end":{"line":199,"column":11}},"72":{"start":{"line":201,"column":8},"end":{"line":203,"column":11}},"73":{"start":{"line":209,"column":15},"end":{"line":209,"column":28}},"74":{"start":{"line":211,"column":25},"end":{"line":211,"column":59}},"75":{"start":{"line":214,"column":6},"end":{"line":223,"column":7}},"76":{"start":{"line":215,"column":8},"end":{"line":218,"column":11}},"77":{"start":{"line":220,"column":8},"end":{"line":222,"column":11}},"78":{"start":{"line":228,"column":23},"end":{"line":228,"column":31}},"79":{"start":{"line":230,"column":27},"end":{"line":230,"column":66}},"80":{"start":{"line":232,"column":6},"end":{"line":235,"column":9}},"81":{"start":{"line":239,"column":2},"end":{"line":239,"column":24}},"82":{"start":{"line":242,"column":15},"end":{"line":242,"column":29}},"83":{"start":{"line":243,"column":0},"end":{"line":243,"column":27}}},"fnMap":{"0":{"name":"_interopRequireDefault","decl":{"start":{"line":10,"column":9},"end":{"line":10,"column":31}},"loc":{"start":{"line":10,"column":37},"end":{"line":10,"column":95}},"line":10},"1":{"name":"_classCallCheck","decl":{"start":{"line":12,"column":9},"end":{"line":12,"column":24}},"loc":{"start":{"line":12,"column":48},"end":{"line":12,"column":153}},"line":12},"2":{"name":"_defineProperties","decl":{"start":{"line":14,"column":9},"end":{"line":14,"column":26}},"loc":{"start":{"line":14,"column":42},"end":{"line":14,"column":317}},"line":14},"3":{"name":"_createClass","decl":{"start":{"line":16,"column":9},"end":{"line":16,"column":21}},"loc":{"start":{"line":16,"column":60},"end":{"line":16,"column":215}},"line":16},"4":{"name":"(anonymous_4)","decl":{"start":{"line":20,"column":0},"end":{"line":20,"column":1}},"loc":{"start":{"line":20,"column":12},"end":{"line":240,"column":1}},"line":20},"5":{"name":"UserController","decl":{"start":{"line":21,"column":11},"end":{"line":21,"column":25}},"loc":{"start":{"line":21,"column":28},"end":{"line":23,"column":3}},"line":21},"6":{"name":"getSingleUser","decl":{"start":{"line":27,"column":20},"end":{"line":27,"column":33}},"loc":{"start":{"line":27,"column":44},"end":{"line":43,"column":5}},"line":27},"7":{"name":"getAllUsers","decl":{"start":{"line":46,"column":20},"end":{"line":46,"column":31}},"loc":{"start":{"line":46,"column":42},"end":{"line":53,"column":5}},"line":46},"8":{"name":"userSignUp","decl":{"start":{"line":56,"column":20},"end":{"line":56,"column":30}},"loc":{"start":{"line":56,"column":41},"end":{"line":70,"column":5}},"line":56},"9":{"name":"activateAccount","decl":{"start":{"line":80,"column":20},"end":{"line":80,"column":35}},"loc":{"start":{"line":80,"column":46},"end":{"line":97,"column":5}},"line":80},"10":{"name":"userSignIn","decl":{"start":{"line":100,"column":20},"end":{"line":100,"column":30}},"loc":{"start":{"line":100,"column":41},"end":{"line":116,"column":5}},"line":100},"11":{"name":"deleteAccount","decl":{"start":{"line":119,"column":20},"end":{"line":119,"column":33}},"loc":{"start":{"line":119,"column":44},"end":{"line":128,"column":5}},"line":119},"12":{"name":"creditAccount","decl":{"start":{"line":131,"column":20},"end":{"line":131,"column":33}},"loc":{"start":{"line":131,"column":44},"end":{"line":155,"column":5}},"line":131},"13":{"name":"debitAccount","decl":{"start":{"line":158,"column":20},"end":{"line":158,"column":32}},"loc":{"start":{"line":158,"column":43},"end":{"line":187,"column":5}},"line":158},"14":{"name":"getTransactionHistory","decl":{"start":{"line":190,"column":20},"end":{"line":190,"column":41}},"loc":{"start":{"line":190,"column":52},"end":{"line":205,"column":5}},"line":190},"15":{"name":"fetchAccountById","decl":{"start":{"line":208,"column":20},"end":{"line":208,"column":36}},"loc":{"start":{"line":208,"column":47},"end":{"line":224,"column":5}},"line":208},"16":{"name":"createAccount","decl":{"start":{"line":227,"column":20},"end":{"line":227,"column":33}},"loc":{"start":{"line":227,"column":44},"end":{"line":236,"column":5}},"line":227}},"branchMap":{"0":{"loc":{"start":{"line":10,"column":46},"end":{"line":10,"column":92}},"type":"cond-expr","locations":[{"start":{"line":10,"column":70},"end":{"line":10,"column":73}},{"start":{"line":10,"column":76},"end":{"line":10,"column":92}}],"line":10},"1":{"loc":{"start":{"line":10,"column":46},"end":{"line":10,"column":67}},"type":"binary-expr","locations":[{"start":{"line":10,"column":46},"end":{"line":10,"column":49}},{"start":{"line":10,"column":53},"end":{"line":10,"column":67}}],"line":10},"2":{"loc":{"start":{"line":12,"column":50},"end":{"line":12,"column":151}},"type":"if","locations":[{"start":{"line":12,"column":50},"end":{"line":12,"column":151}},{"start":{"line":12,"column":50},"end":{"line":12,"column":151}}],"line":12},"3":{"loc":{"start":{"line":14,"column":136},"end":{"line":14,"column":166}},"type":"binary-expr","locations":[{"start":{"line":14,"column":136},"end":{"line":14,"column":157}},{"start":{"line":14,"column":161},"end":{"line":14,"column":166}}],"line":14},"4":{"loc":{"start":{"line":14,"column":200},"end":{"line":14,"column":254}},"type":"if","locations":[{"start":{"line":14,"column":200},"end":{"line":14,"column":254}},{"start":{"line":14,"column":200},"end":{"line":14,"column":254}}],"line":14},"5":{"loc":{"start":{"line":16,"column":62},"end":{"line":16,"column":131}},"type":"if","locations":[{"start":{"line":16,"column":62},"end":{"line":16,"column":131}},{"start":{"line":16,"column":62},"end":{"line":16,"column":131}}],"line":16},"6":{"loc":{"start":{"line":16,"column":132},"end":{"line":16,"column":193}},"type":"if","locations":[{"start":{"line":16,"column":132},"end":{"line":16,"column":193}},{"start":{"line":16,"column":132},"end":{"line":16,"column":193}}],"line":16},"7":{"loc":{"start":{"line":32,"column":6},"end":{"line":37,"column":7}},"type":"if","locations":[{"start":{"line":32,"column":6},"end":{"line":37,"column":7}},{"start":{"line":32,"column":6},"end":{"line":37,"column":7}}],"line":32},"8":{"loc":{"start":{"line":59,"column":6},"end":{"line":69,"column":7}},"type":"if","locations":[{"start":{"line":59,"column":6},"end":{"line":69,"column":7}},{"start":{"line":59,"column":6},"end":{"line":69,"column":7}}],"line":59},"9":{"loc":{"start":{"line":86,"column":6},"end":{"line":96,"column":7}},"type":"if","locations":[{"start":{"line":86,"column":6},"end":{"line":96,"column":7}},{"start":{"line":86,"column":6},"end":{"line":96,"column":7}}],"line":86},"10":{"loc":{"start":{"line":105,"column":6},"end":{"line":115,"column":7}},"type":"if","locations":[{"start":{"line":105,"column":6},"end":{"line":115,"column":7}},{"start":{"line":105,"column":6},"end":{"line":115,"column":7}}],"line":105},"11":{"loc":{"start":{"line":137,"column":6},"end":{"line":154,"column":7}},"type":"if","locations":[{"start":{"line":137,"column":6},"end":{"line":154,"column":7}},{"start":{"line":137,"column":6},"end":{"line":154,"column":7}}],"line":137},"12":{"loc":{"start":{"line":145,"column":8},"end":{"line":153,"column":9}},"type":"if","locations":[{"start":{"line":145,"column":8},"end":{"line":153,"column":9}},{"start":{"line":145,"column":8},"end":{"line":153,"column":9}}],"line":145},"13":{"loc":{"start":{"line":164,"column":6},"end":{"line":186,"column":7}},"type":"if","locations":[{"start":{"line":164,"column":6},"end":{"line":186,"column":7}},{"start":{"line":164,"column":6},"end":{"line":186,"column":7}}],"line":164},"14":{"loc":{"start":{"line":172,"column":8},"end":{"line":185,"column":9}},"type":"if","locations":[{"start":{"line":172,"column":8},"end":{"line":185,"column":9}},{"start":{"line":172,"column":8},"end":{"line":185,"column":9}}],"line":172},"15":{"loc":{"start":{"line":195,"column":6},"end":{"line":204,"column":7}},"type":"if","locations":[{"start":{"line":195,"column":6},"end":{"line":204,"column":7}},{"start":{"line":195,"column":6},"end":{"line":204,"column":7}}],"line":195},"16":{"loc":{"start":{"line":214,"column":6},"end":{"line":223,"column":7}},"type":"if","locations":[{"start":{"line":214,"column":6},"end":{"line":223,"column":7}},{"start":{"line":214,"column":6},"end":{"line":223,"column":7}}],"line":214}},"s":{"0":1,"1":1,"2":1,"3":1,"4":0,"5":0,"6":1,"7":1,"8":11,"9":11,"10":11,"11":11,"12":11,"13":11,"14":1,"15":0,"16":1,"17":1,"18":1,"19":1,"20":0,"21":1,"22":0,"23":0,"24":0,"25":0,"26":0,"27":0,"28":0,"29":0,"30":0,"31":0,"32":0,"33":0,"34":0,"35":0,"36":0,"37":0,"38":0,"39":0,"40":0,"41":0,"42":0,"43":0,"44":0,"45":0,"46":0,"47":0,"48":0,"49":0,"50":0,"51":0,"52":0,"53":0,"54":0,"55":0,"56":0,"57":0,"58":0,"59":0,"60":0,"61":0,"62":0,"63":0,"64":0,"65":0,"66":0,"67":0,"68":0,"69":0,"70":0,"71":0,"72":0,"73":0,"74":0,"75":0,"76":0,"77":0,"78":0,"79":0,"80":0,"81":1,"82":1,"83":1},"f":{"0":1,"1":0,"2":1,"3":1,"4":1,"5":0,"6":0,"7":0,"8":0,"9":0,"10":0,"11":0,"12":0,"13":0,"14":0,"15":0,"16":0},"b":{"0":[1,0],"1":[1,1],"2":[0,0],"3":[11,11],"4":[11,0],"5":[0,1],"6":[1,0],"7":[0,0],"8":[0,0],"9":[0,0],"10":[0,0],"11":[0,0],"12":[0,0],"13":[0,0],"14":[0,0],"15":[0,0],"16":[0,0]},"_coverageSchema":"43e27e138ebf9cfc5966b082cf9a028302ed4184","hash":"35628c5acc18fa23d8003b3eca88faf337d7df62","contentHash":"0a2704926a9da5ed8d7ea75e6437710f4bf28088045da8b7fb85cc67edd9e0c2"},"C:\\Users\\desmond\\Favorites\\ADCBanka\\api\\database\\services\\user.services.js":{"path":"C:\\Users\\desmond\\Favorites\\ADCBanka\\api\\database\\services\\user.services.js","statementMap":{"0":{"start":{"line":3,"column":0},"end":{"line":5,"column":3}},"1":{"start":{"line":6,"column":0},"end":{"line":6,"column":25}},"2":{"start":{"line":8,"column":20},"end":{"line":8,"column":67}},"3":{"start":{"line":10,"column":14},"end":{"line":10,"column":73}},"4":{"start":{"line":12,"column":12},"end":{"line":12,"column":72}},"5":{"start":{"line":14,"column":16},"end":{"line":14,"column":60}},"6":{"start":{"line":16,"column":14},"end":{"line":16,"column":55}},"7":{"start":{"line":18,"column":10},"end":{"line":18,"column":57}},"8":{"start":{"line":20,"column":13},"end":{"line":20,"column":68}},"9":{"start":{"line":22,"column":39},"end":{"line":22,"column":93}},"10":{"start":{"line":24,"column":33},"end":{"line":24,"column":464}},"11":{"start":{"line":24,"column":46},"end":{"line":24,"column":47}},"12":{"start":{"line":24,"column":91},"end":{"line":24,"column":131}},"13":{"start":{"line":24,"column":147},"end":{"line":24,"column":166}},"14":{"start":{"line":24,"column":168},"end":{"line":24,"column":382}},"15":{"start":{"line":24,"column":226},"end":{"line":24,"column":380}},"16":{"start":{"line":24,"column":312},"end":{"line":24,"column":375}},"17":{"start":{"line":24,"column":383},"end":{"line":24,"column":462}},"18":{"start":{"line":24,"column":416},"end":{"line":24,"column":458}},"19":{"start":{"line":24,"column":465},"end":{"line":24,"column":479}},"20":{"start":{"line":26,"column":44},"end":{"line":26,"column":195}},"21":{"start":{"line":26,"column":62},"end":{"line":26,"column":166}},"22":{"start":{"line":26,"column":176},"end":{"line":26,"column":193}},"23":{"start":{"line":26,"column":196},"end":{"line":26,"column":207}},"24":{"start":{"line":28,"column":54},"end":{"line":28,"column":84}},"25":{"start":{"line":28,"column":74},"end":{"line":28,"column":84}},"26":{"start":{"line":28,"column":98},"end":{"line":28,"column":145}},"27":{"start":{"line":28,"column":159},"end":{"line":28,"column":475}},"28":{"start":{"line":28,"column":218},"end":{"line":28,"column":254}},"29":{"start":{"line":28,"column":256},"end":{"line":28,"column":473}},"30":{"start":{"line":28,"column":304},"end":{"line":28,"column":330}},"31":{"start":{"line":28,"column":331},"end":{"line":28,"column":372}},"32":{"start":{"line":28,"column":363},"end":{"line":28,"column":372}},"33":{"start":{"line":28,"column":373},"end":{"line":28,"column":444}},"34":{"start":{"line":28,"column":435},"end":{"line":28,"column":444}},"35":{"start":{"line":28,"column":445},"end":{"line":28,"column":471}},"36":{"start":{"line":28,"column":476},"end":{"line":28,"column":490}},"37":{"start":{"line":30,"column":59},"end":{"line":30,"column":89}},"38":{"start":{"l
[...]
"column":136},"end":{"line":24,"column":166}},"type":"binary-expr","locations":[{"start":{"line":24,"column":136},"end":{"line":24,"column":157}},{"start":{"line":24,"column":161},"end":{"line":24,"column":166}}],"line":24},"5":{"loc":{"start":{"line":24,"column":200},"end":{"line":24,"column":254}},"type":"if","locations":[{"start":{"line":24,"column":200},"end":{"line":24,"column":254}},{"start":{"line":24,"column":200},"end":{"line":24,"column":254}}],"line":24},"6":{"loc":{"start":{"line":26,"column":62},"end":{"line":26,"column":131}},"type":"if","locations":[{"start":{"line":26,"column":62},"end":{"line":26,"column":131}},{"start":{"line":26,"column":62},"end":{"line":26,"column":131}}],"line":26},"7":{"loc":{"start":{"line":26,"column":132},"end":{"line":26,"column":193}},"type":"if","locations":[{"start":{"line":26,"column":132},"end":{"line":26,"column":193}},{"start":{"line":26,"column":132},"end":{"line":26,"column":193}}],"line":26},"8":{"loc":{"start":{"line":55,"column":12},"end":{"line":67,"column":13}},"type":"switch","locations":[{"start":{"line":56,"column":14},"end":{"line":58,"column":124}},{"start":{"line":60,"column":14},"end":{"line":62,"column":54}},{"start":{"line":64,"column":14},"end":{"line":64,"column":21}},{"start":{"line":65,"column":14},"end":{"line":66,"column":39}}],"line":55}},"s":{"0":1,"1":1,"2":1,"3":1,"4":1,"5":1,"6":1,"7":0,"8":0,"9":0,"10":0,"11":0,"12":0,"13":0,"14":0,"15":1,"16":0,"17":0,"18":0,"19":0,"20":0,"21":0,"22":0,"23":0,"24":0,"25":2,"26":2,"27":4,"28":4,"29":4,"30":4,"31":4,"32":4,"33":1,"34":1,"35":1,"36":1,"37":1,"38":1,"39":1,"40":0,"41":0,"42":0,"43":0,"44":0,"45":0,"46":0,"47":1,"48":1,"49":0,"50":0,"51":0,"52":0,"53":0,"54":0,"55":0,"56":0,"57":0,"58":1,"59":0,"60":0,"61":0,"62":0,"63":0,"64":0,"65":0,"66":0,"67":0,"68":0,"69":0,"70":0,"71":1,"72":1,"73":1},"f":{"0":1,"1":0,"2":1,"3":0,"4":0,"5":0,"6":0,"7":0,"8":2,"9":1,"10":1,"11":0,"12":0,"13":1,"14":0,"15":0,"16":0,"17":0,"18":0,"19":0},"b":{"0":[0,1],"1":[1,1],"2":[0,0],"3":[0,0],"4":[4,4],"5":[4,0],"6":[1,0],"7":[1,0],"8":[0,0,0,0]},"_coverageSchema":"43e27e138ebf9cfc5966b082cf9a028302ed4184","hash":"2329d368a68440fd865717e9a02eeae30088de4e","contentHash":"8aaec4cbced62d288dd68e54c72dc498243fd784e9c83731d468e0917fa6051b"},"C:\\Users\\desmond\\Favorites\\ADCBanka\\api\\middlewares\\validators\\user.js":{"path":"C:\\Users\\desmond\\Favorites\\ADCBanka\\api\\middlewares\\validators\\user.js","statementMap":{"0":{"start":{"line":3,"column":0},"end":{"line":5,"column":3}},"1":{"start":{"line":6,"column":0},"end":{"line":6,"column":25}},"2":{"start":{"line":8,"column":19},"end":{"line":8,"column":77}},"3":{"start":{"line":10,"column":39},"end":{"line":10,"column":93}},"4":{"start":{"line":12,"column":16},"end":{"line":12,"column":18}},"5":{"start":{"line":14,"column":0},"end":{"line":25,"column":2}},"6":{"start":{"line":15,"column":2},"end":{"line":15,"column":78}},"7":{"start":{"line":16,"column":2},"end":{"line":16,"column":88}},"8":{"start":{"line":17,"column":2},"end":{"line":17,"column":87}},"9":{"start":{"line":18,"column":2},"end":{"line":18,"column":87}},"10":{"start":{"line":22,"column":2},"end":{"line":24,"column":5}},"11":{"start":{"line":23,"column":4},"end":{"line":23,"column":148}},"12":{"start":{"line":27,"column":0},"end":{"line":33,"column":2}},"13":{"start":{"line":28,"column":2},"end":{"line":28,"column":79}},"14":{"start":{"line":29,"column":2},"end":{"line":29,"column":73}},"15":{"start":{"line":30,"column":2},"end":{"line":32,"column":5}},"16":{"start":{"line":31,"column":4},"end":{"line":31,"column":148}},"17":{"start":{"line":35,"column":15},"end":{"line":35,"column":24}},"18":{"start":{"line":36,"column":0},"end":{"line":36,"column":27}}},"fnMap":{"0":{"name":"_interopRequireDefault","decl":{"start":{"line":10,"column":9},"end":{"line":10,"column":31}},"loc":{"start":{"line":10,"column":37},"end":{"line":10,"column":95}},"line":10},"1":{"name":"(anonymous_1)","decl":{"start":{"line":14,"column":19},"end":{"line":14,"column":20}},"loc":{"start":{"line":14,"column":45},"end":{"line":25,"column":1}},"line":14},"2":{"name":"(anonymous_2)","decl":{"start":{"line":22,"column":47},"end":{"line":22,"column":48}},"loc":{"start":{"line":22,"column":65},"end":{"line":24,"column":3}},"line":22},"3":{"name":"(anonymous_3)","decl":{"start":{"line":27,"column":18},"end":{"line":27,"column":19}},"loc":{"start":{"line":27,"column":44},"end":{"line":33,"column":1}},"line":27},"4":{"name":"(anonymous_4)","decl":{"start":{"line":30,"column":47},"end":{"line":30,"column":48}},"loc":{"start":{"line":30,"column":65},"end":{"line":32,"column":3}},"line":30}},"branchMap":{"0":{"loc":{"start":{"line":10,"column":46},"end":{"line":10,"column":92}},"type":"cond-expr","locations":[{"start":{"line":10,"column":70},"end":{"line":10,"column":73}},{"start":{"line":10,"column":76},"end":{"line":10,"column":92}}],"line":10},"1":{"loc":{"start":{"line":10,"column":46},"end":{"line":10,"column":67}},"type":"binary-expr","locations":[{"start":{"line":10,"column":46},"end":{"line":10,"column":49}},{"start":{"line":10,"column":53},"end":{"line":10,"column":67}}],"line":10}},"s":{"0":1,"1":1,"2":1,"3":1,"4":1,"5":1,"6":2,"7":2,"8":2,"9":2,"10":2,"11":0,"12":1,"13":0,"14":0,"15":0,"16":0,"17":1,"18":1},"f":{"0":1,"1":2,"2":0,"3":0,"4":0},"b":{"0":[1,0],"1":[1,1]},"_coverageSchema":"43e27e138ebf9cfc5966b082cf9a028302ed4184","hash":"a738ad21936bcf550549618a884931d9b0ab7144","contentHash":"4a66a392f126e2d45b2ac4a4ebd6d38a249bf56f01e70aae70a15c82c0fe453a"},"C:\\Users\\desmond\\Favorites\\ADCBanka\\api\\utils\\transformer.js":{"path":"C:\\Users\\desmond\\Favorites\\ADCBanka\\api\\utils\\transformer.js","statementMap":{"0":{"start":{"line":3,"column":0},"end":{"line":5,"column":3}},"1":{"start":{"line":6,"column":0},"end":{"line":6,"column":25}},"2":{"start":{"line":7,"column":18},"end":{"line":7,"column":20}},"3":{"start":{"line":8,"column":15},"end":{"line":8,"column":35}},"4":{"start":{"line":10,"column":0},"end":{"line":22,"column":2}},"5":{"start":{"line":11,"column":2},"end":{"line":16,"column":3}},"6":{"start":{"line":12,"column":4},"end":{"line":15,"column":6}},"7":{"start":{"line":18,"column":2},"end":{"line":21,"column":4}},"8":{"start":{"line":33,"column":0},"end":{"line":40,"column":2}},"9":{"start":{"line":34,"column":13},"end":{"line":34,"column":15}},"10":{"start":{"line":35,"column":2},"end":{"line":35,"column":42}},"11":{"start":{"line":35,"column":30},"end":{"line":35,"column":42}},"12":{"start":{"line":36,"column":2},"end":{"line":38,"column":5}},"13":{"start":{"line":37,"column":4},"end":{"line":37,"column":45}},"14":{"start":{"line":39,"column":2},"end":{"line":39,"column":14}},"15":{"start":{"line":42,"column":15},"end":{"line":42,"column":26}},"16":{"start":{"line":43,"column":0},"end":{"line":43,"column":27}}},"fnMap":{"0":{"name":"(anonymous_0)","decl":{"start":{"line":10,"column":32},"end":{"line":10,"column":33}},"loc":{"start":{"line":10,"column":56},"end":{"line":22,"column":1}},"line":10},"1":{"name":"(anonymous_1)","decl":{"start":{"line":33,"column":47},"end":{"line":33,"column":48}},"loc":{"start":{"line":33,"column":65},"end":{"line":40,"column":1}},"line":33},"2":{"name":"(anonymous_2)","decl":{"start":{"line":36,"column":17},"end":{"line":36,"column":18}},"loc":{"start":{"line":36,"column":33},"end":{"line":38,"column":3}},"line":36}},"branchMap":{"0":{"loc":{"start":{"line":11,"column":2},"end":{"line":16,"column":3}},"type":"if","locations":[{"start":{"line":11,"column":2},"end":{"line":16,"column":3}},{"start":{"line":11,"column":2},"end":{"line":16,"column":3}}],"line":11},"1":{"loc":{"start":{"line":35,"column":2},"end":{"line":35,"column":42}},"type":"if","locations":[{"start":{"line":35,"column":2},"end":{"line":35,"column":42}},{"start":{"line":35,"column":2},"end":{"line":35,"column":42}}],"line":35},"2":{"loc":{"start":{"line":37,"column":23},"end":{"line":37,"column":37}},"type":"binary-expr","locations":[{"start":{"line":37,"column":23},"end":{"line":37,"column":31}},{"start":{"line":37,"column":35},"end":{"line":37,"column":37}}],"line":37}},"s":{"0":1,"1":1,"2":1,"3":1,"4":1,"5":0,"6":0,"7":0,"8":1,"9":0,"10":0,"11":0,"12":0,"13":0,"14":0,"15":1,"16":1},"f":{"0":0,"1":0,"2":0},"b":{"0":[0,0],"1":[0,0],"2":[0,0]},"_coverageSchema":"43e27e138ebf9cfc5966b082cf9a028302ed4184","hash":"cf9461a58ac145174726fc130dfc14aff944b035","contentHash":"db2c2ab459447e1ec0010e7ec14b48116a7e0a6f2f462db36f7b4836783fafb0"},"C:\\Users\\desmond\\Favorites\\ADCBanka\\api\\middlewares\\auth.js":{"path":"C:\\Users\\desmond\\Favorites\\ADCBanka\\api\\middlewares\\auth.js","statementMap":{"0":{"start":{"line":3,"column":0},"end":{"line":5,"column":3}},"1":{"start":{"line":6,"column":0},"end":{"line":6,"column":25}},"2":{"start":{"line":8,"column":20},"end":{"line":8,"column":67}},"3":{"start":{"line":10,"column":39},"end":{"line":10,"column":93}},"4":{"start":{"line":12,"column":10},"end":{"line":12,"column":12}},"5":{"start":{"line":14,"column":0},"end":{"line":32,"column":2}},"6":{"start":{"line":15,"column":14},"end":{"line":15,"column":105}},"7":{"start":{"line":16,"column":2},"end":{"line":16,"column":66}},"8":{"start":{"line":18,"column":2},"end":{"line":20,"column":3}},"9":{"start":{"line":19,"column":4},"end":{"line":19,"column":49}},"10":{"start":{"line":22,"column":2},"end":{"line":31,"column":5}},"11":{"start":{"line":23,"column":4},"end":{"line":23,"column":23}},"12":{"start":{"line":25,"column":4},"end":{"line":27,"column":5}},"13":{"start":{"line":26,"column":6},"end":{"line":26,"column":49}},"14":{"start":{"line":29,"column":4},"end":{"line":29,"column":31}},"15":{"start":{"line":30,"column":4},"end":{"line":30,"column":11}},"16":{"start":{"line":34,"column":15},"end":{"line":34,"column":18}},"17":{"start":{"line":35,"column":0},"end":{"line":35,"column":27}}},"fnMap":{"0":{"name":"_interopRequireDefault","decl":{"start":{"line":10,"column":9},"end":{"line":10,"column":31}},"loc":{"start":{"line":10,"column":37},"end":{"line":10,"column":95}},"line":10},"1":{"name":"(anonymous_1)","decl":{"start":{"line":14,"column":18},"end":{"line":14,"column":19}},"loc":{"start":{"line":14,"column":44},"end":{"line":32,"column":1}},"line":14},"2":{"name":"(anonymous_2)","decl":{"start":{"line":22,"column":62},"end":{"line":22,"column":63}},"loc":{"start":{"line":22,"column":88},"end":{"line":31,"column":3}},"line":22}},"branchMap":{"0":{"loc":{"start":{"line":10,"column":46},"end":{"line":10,"column":92}},"type":"cond-expr","locations":[{"start":{"line":10,"column":70},"end":{"line":10,"column":73}},{"start":{"line":10,"column":76},"end":{"line":10,"column":92}}],"line":10},"1":{"loc":{"start":{"line":10,"column":46},"end":{"line":10,"column":67}},"type":"binary-expr","locations":[{"start":{"line":10,"column":46},"end":{"line":10,"column":49}},{"start":{"line":10,"column":53},"end":{"line":10,"column":67}}],"line":10},"2":{"loc":{"start":{"line":15,"column":14},"end":{"line":15,"column":105}},"type":"binary-expr","locations":[{"start":{"line":15,"column":14},"end":{"line":15,"column":28}},{"start":{"line":15,"column":32},"end":{"line":15,"column":47}},{"start":{"line":15,"column":51},"end":{"line":15,"column":76}},{"start":{"line":15,"column":80},"end":{"line":15,"column":105}}],"line":15},"3":{"loc":{"start":{"line":16,"column":10},"end":{"line":16,"column":65}},"type":"cond-expr","locations":[{"start":{"line":16,"column":18},"end":{"line":16,"column":57}},{"start":{"line":16,"column":60},"end":{"line":16,"column":65}}],"line":16},"4":{"loc":{"start":{"line":18,"column":2},"end":{"line":20,"column":3}},"type":"if","locations":[{"start":{"line":18,"column":2},"end":{"line":20,"column":3}},{"start":{"line":18,"column":2},"end":{"line":20,"column":3}}],"line":18},"5":{"loc":{"start":{"line":25,"column":4},"end":{"line":27,"column":5}},"type":"if","locations":[{"start":{"line":25,"column":4},"end":{"line":27,"column":5}},{"start":{"line":25,"column":4},"end":{"line":27,"column":5}}],"line":25}},"s":{"0":1,"1":1,"2":1,"3":1,"4":1,"5":1,"6":4,"7":4,"8":4,"9":0,"10":4,"11":4,"12":4,"13":0,"14":4,"15":4,"16":1,"17":1},"f":{"0":1,"1":4,"2":4},"b":{"0":[0,1],"1":[1,1],"2":[4,4,4,4],"3":[4,0],"4":[0,4],"5":[0,4]},"_coverageSchema":"43e27e138ebf9cfc5966b082cf9a028302ed4184","hash":"84b19f4c52742af0df0c2eacb3b806cbe3ceeba8","contentHash":"de08c0c350c55c3013283290c16c538a6d9cdf7e842bc3fe9139e8a3402b33d8"},"C:\\Users\\desmond\\Favorites\\ADCBanka\\api\\middlewares\\permissions\\user.permission.js":{"path":"C:\\Users\\desmond\\Favorites\\ADCBanka\\api\\middlewares\\permissions\\user.permission.js","statementMap":{"0":{"start":{"line":3,"column":21},"end":{"line":3,"column":23}},"1":{"start":{"line":5,"column":0},"end":{"line":21,"column":2}},"2":{"start":{"line":6,"column":2},"end":{"line":11,"column":3}},"3":{"start":{"line":7,"column":4},"end":{"line":10,"column":7}},"4":{"start":{"line":13,"column":2},"end":{"line":18,"column":3}},"5":{"start":{"line":14,"column":4},"end":{"line":17,"column":7}},"6":{"start":{"line":20,"column":2},"end":{"line":20,"column":9}},"7":{"start":{"line":23,"column":0},"end":{"line":23,"column":32}}},"fnMap":{"0":{"name":"(anonymous_0)","decl":{"start":{"line":5,"column":25},"end":{"line":5,"column":26}},"loc":{"start":{"line":5,"column":51},"end":{"line":21,"column":1}},"line":5}},"branchMap":{"0":{"loc":{"start":{"line":6,"column":2},"end":{"line":11,"column":3}},"type":"if","locations":[{"start":{"line":6,"column":2},"end":{"line":11,"column":3}},{"start":{"line":6,"column":2},"end":{"line":11,"column":3}}],"line":6},"1":{"loc":{"start":{"line":13,"column":2},"end":{"line":18,"column":3}},"type":"if","locations":[{"start":{"line":13,"column":2},"end":{"line":18,"column":3}},{"start":{"line":13,"column":2},"end":{"line":18,"column":3}}],"line":13}},"s":{"0":1,"1":1,"2":1,"3":0,"4":1,"5":0,"6":1,"7":1},"f":{"0":1},"b":{"0":[0,1],"1":[0,1]},"_coverageSchema":"43e27e138ebf9cfc5966b082cf9a028302ed4184","hash":"472a5bff99019a55ff811e2038ec079b8134f4b5","contentHash":"71a260cfcf9851bcf259dca079acca9e6344676f122f004776c0a62893c0f0f2"},"C:\\Users\\desmond\\Favorites\\ADCBanka\\api\\middlewares\\validators\\custom-validator.js":{"path":"C:\\Users\\desmond\\Favorites\\ADCBanka\\api\\middlewares\\validators\\custom-validator.js","statementMap":{"0":{"start":{"line":3,"column":0},"end":{"line":5,"column":3}},"1":{"start":{"line":6,"column":0},"end":{"line":6,"column":25}},"2":{"start":{"line":7,"column":23},"end":{"line":7,"column":25}},"3":{"start":{"line":8,"column":15},"end":{"line":8,"column":37}},"4":{"start":{"line":9,"column":19},"end":{"line":9,"column":58}},"5":{"start":{"line":11,"column":0},"end":{"line":13,"column":2}},"6":{"start":{"line":12,"column":2},"end":{"line":12,"column":29}},"7":{"start":{"line":15,"column":0},"end":{"line":17,"column":2}},"8":{"start":{"line":16,"column":2},"end":{"line":16,"column":29}},"9":{"start":{"line":19,"column":0},"end":{"line":29,"column":2}},"10":{"start":{"line":20,"column":2},"end":{"line":22,"column":3}},"11":{"start":{"line":21,"column":4},"end":{"line":21,"column":17}},"12":{"start":{"line":24,"column":2},"end":{"line":26,"column":3}},"13":{"start":{"line":25,"column":4},"end":{"line":25,"column":17}},"14":{"start":{"line":28,"column":2},"end":{"line":28,"column":45}},"15":{"start":{"line":31,"column":0},"end":{"line":34,"column":2}},"16":{"start":{"line":32,"column":11},"end":{"line":32,"column":163}},"17":{"start":{"line":33,"column":2},"end":{"line":33,"column":24}},"18":{"start":{"line":36,"column":0},"end":{"line":38,"column":2}},"19":{"start":{"line":37,"column":2},"end":{"line":37,"column":45}},"20":{"start":{"line":40,"column":0},"end":{"line":42,"column":2}},"21":{"start":{"line":41,"column":2},"end":{"line":41,"column":30}},"22":{"start":{"line":44,"column":0},"end":{"line":46,"column":2}},"23":{"start":{"line":45,"column":2},"end":{"line":45,"column":48}},"24":{"start":{"line":48,"column":0},"end":{"line":50,"column":2}},"25":{"start":{"line":49,"column":2},"end":{"line":49,"column":49}},"26":{"start":{"line":52,"column":0},"end":{"line":54,"column":2}},"27":{"start":{"line":53,"column":2},"end":{"line":53,"column":23}},"28":{"start":{"line":56,"column":15},"end":{"line":56,"column":31}},"29":{"start":{"line":57,"column":0},"end":{"line":57,"column":27}}},"fnMap":{"0":{"name":"(anonymous_0)","decl":{"start":{"line":11,"column":28},"end":{"line":11,"column":29}},"loc":{"start":{"line":11,"column":50},"end":{"line":13,"column":1}},"line":11},"1":{"name":"(anonymous_1)","decl":{"start":{"line":15,"column":28},"end":{"line":15,"column":29}},"loc":{"start":{"line":15,"column":50},"end":{"line":17,"column":1}},"line":15},"2":{"name":"(anonymous_2)","decl":{"start":{"line":19,"column":31},"end":{"line":19,"column":32}},"loc":{"start":{"line":19,"column":48},"end":{"line":29,"column":1}},"line":19},"3":{"name":"(anonymous_3)","decl":{"start":{"line":31,"column":29},"end":{"line":31,"column":30}},"loc":{"start":{"line":31,"column":46},"end":{"line":34,"column":1}},"line":31},"4":{"name":"(anonymous_4)","decl":{"start":{"line":36,"column":28},"end":{"line":36,"column":29}},"loc":{"start":{"line":36,"column":45},"end":{"line":38,"column":1}},"line":36},"5":{"name":"(anonymous_5)","decl":{"start":{"line":40,"column":27},"end":{"line":40,"column":28}},"loc":{"start":{"line":40,"column":44},"end":{"line":42,"column":1}},"line":40},"6":{"name":"(anonymous_6)","decl":{"start":{"line":44,"column":32},"end":{"line":44,"column":33}},"loc":{"start":{"line":44,"column":49},"end":{"line":46,"column":1}},"line":44},"7":{"name":"(anonymous_7)","decl":{"start":{"line":48,"column":30},"end":{"line":48,"column":31}},"loc":{"start":{"line":48,"column":47},"end":{"line":50,"column":1}},"line":48},"8":{"name":"(anonymous_8)","decl":{"start":{"line":52,"column":28},"end":{"line":52,"column":29}},"loc":{"start":{"line":52,"column":45},"end":{"line":54,"column":1}},"line":52}},"branchMap":{"0":{"loc":{"start":{"line":20,"column":2},"end":{"line":22,"column":3}},"type":"if","locations":[{"start":{"line":20,"column":2},"end":{"line":22,"column":3}},{"start":{"line":20,"column":2},"end":{"line":22,"column":3}}],"line":20},"1":{"loc":{"start":{"line":24,"column":2},"end":{"line":26,"column":3}},"type":"if","locations":[{"start":{"line":24,"column":2},"end":{"line":26,"column":3}},{"start":{"line":24,"column":2},"end":{"line":26,"column":3}}],"line":24},"2":{"loc":{"start":{"line":24,"column":6},"end":{"line":24,"column":43}},"type":"binary-expr","locations":[{"start":{"line":24,"column":6},"end":{"line":24,"column":22}},{"start":{"line":24,"column":26},"end":{"line":24,"column":43}}],"line":24}},"s":{"0":1,"1":1,"2":1,"3":1,"4":1,"5":1,"6":2,"7":1,"8":2,"9":1,"10":4,"11":0,"12":4,"13":0,"14":4,"15":1,"16":2,"17":2,"18":1,"19":0,"20":1,"21":0,"22":1,"23":0,"24":1,"25":0,"26":1,"27":0,"28":1,"29":1},"f":{"0":2,"1":2,"2":4,"3":2,"4":0,"5":0,"6":0,"7":0,"8":0},"b":{"0":[0,4],"1":[0,4],"2":[4,4]},"_coverageSchema":"43e27e138ebf9cfc5966b082cf9a028302ed4184","hash":"74dd16ce3dddc8fc72ae67496160897db968cd68","contentHash":"f3fb7dc0a725523b529a5472591030ca40f4f89f484cd8d60a262a0e4f4e9184"},"C:\\Users\\desmond\\Favorites\\ADCBanka\\api\\middlewares\\validators\\custom-sanitizer.js":{"path":"C:\\Users\\desmond\\Favorites\\ADCBanka\\api\\middlewares\\validators\\custom-sanitizer.js","statementMap":{"0":{"start":{"line":3,"column":0},"end":{"line":5,"column":3}},"1":{"start":{"line":6,"column":0},"end":{"line":6,"column":25}},"2":{"start":{"line":7,"column":22},"end":{"line":7,"column":24}},"3":{"start":{"line":8,"column":15},"end":{"line":8,"column":30}},"4":{"start":{"line":9,"column":0},"end":{"line":9,"column":27}}},"fnMap":{},"branchMap":{},"s":{"0":1,"1":1,"2":1,"3":1,"4":1},"f":{},"b":{},"_coverageSchema":"43e27e138ebf9cfc5966b082cf9a028302ed4184","hash":"87a5d227601b7b56dfc105b266d0451570e62d87","contentHash":"0cbfa5553a33267ff8a586817206b68fe7776453057d7f45c871fb5f8abe4677"}}